<?xml version="1.0" encoding="UTF-8"?>
<?xml-stylesheet type="text/xsl" href="ivy-report.xsl"?>
<ivy-report version="1.0">
	<info
		organisation="default"
		module="default-818f35"
		revision="0.1-SNAPSHOT"
		extra-sbtVersion="0.12"
		extra-scalaVersion="2.9.2"
		conf="test"
		confs="compile, runtime, test, provided, optional, compile-internal, runtime-internal, test-internal, plugin, sources, docs, pom"
		date="20160712182104"/>
	<dependencies>
		<module organisation="play" name="sbt-plugin">
			<revision name="2.1-09142012" status="release" pubdate="20120914095923" resolver="typesafe-ivy-releases" artresolver="typesafe-ivy-releases" extra-sbtVersion="0.12" extra-scalaVersion="2.9.2" downloaded="false" searched="false" default="false" conf="default(compile), compile" position="3">
				<metadata-artifact status="no" details="" size="4366" time="0" location="C:\Users\ondra\.ivy2\cache\scala_2.9.2\sbt_0.12\play\sbt-plugin\ivy-2.1-09142012.xml" searched="false" origin-is-local="false" origin-location="http://repo.typesafe.com/typesafe/ivy-releases/play/sbt-plugin/scala_2.9.2/sbt_0.12/2.1-09142012/ivys/ivy.xml"/>
				<caller organisation="default" name="default-818f35" conf="test, compile, runtime" rev="2.1-09142012" rev-constraint-default="2.1-09142012" rev-constraint-dynamic="2.1-09142012" callerrev="0.1-SNAPSHOT" extra-sbtVersion="0.12" extra-scalaVersion="2.9.2"/>
				<artifacts>
					<artifact name="sbt-plugin" type="jar" ext="jar" status="no" details="" size="552704" time="0" location="C:\Users\ondra\.ivy2\cache\scala_2.9.2\sbt_0.12\play\sbt-plugin\jars\sbt-plugin-2.1-09142012.jar">
						<origin-location is-local="false" location="http://repo.typesafe.com/typesafe/ivy-releases/play/sbt-plugin/scala_2.9.2/sbt_0.12/2.1-09142012/jars/sbt-plugin.jar"/>
					</artifact>
				</artifacts>
			</revision>
		</module>
		<module organisation="com.github.mpeltonen" name="sbt-idea">
			<revision name="1.1.0-TYPESAFE" status="release" pubdate="20120808093833" resolver="typesafe-ivy-releases" artresolver="typesafe-ivy-releases" extra-sbtVersion="0.12" extra-scalaVersion="2.9.2" downloaded="false" searched="false" default="false" conf="default(compile), compile" position="90">
				<metadata-artifact status="no" details="" size="1902" time="0" location="C:\Users\ondra\.ivy2\cache\scala_2.9.2\sbt_0.12\com.github.mpeltonen\sbt-idea\ivy-1.1.0-TYPESAFE.xml" searched="false" origin-is-local="false" origin-location="http://repo.typesafe.com/typesafe/ivy-releases/com.github.mpeltonen/sbt-idea/scala_2.9.2/sbt_0.12/1.1.0-TYPESAFE/ivys/ivy.xml"/>
				<caller organisation="play" name="sbt-plugin" conf="compile" rev="1.1.0-TYPESAFE" rev-constraint-default="1.1.0-TYPESAFE" rev-constraint-dynamic="1.1.0-TYPESAFE" callerrev="2.1-09142012" extra-sbtVersion="0.12" extra-scalaVersion="2.9.2"/>
				<artifacts>
					<artifact name="sbt-idea" type="jar" ext="jar" status="no" details="" size="291214" time="0" location="C:\Users\ondra\.ivy2\cache\scala_2.9.2\sbt_0.12\com.github.mpeltonen\sbt-idea\jars\sbt-idea-1.1.0-TYPESAFE.jar">
						<origin-location is-local="false" location="http://repo.typesafe.com/typesafe/ivy-releases/com.github.mpeltonen/sbt-idea/scala_2.9.2/sbt_0.12/1.1.0-TYPESAFE/jars/sbt-idea.jar"/>
					</artifact>
				</artifacts>
			</revision>
		</module>
		<module organisation="com.typesafe.sbteclipse" name="sbteclipse-plugin">
			<revision name="2.1.0" status="release" pubdate="20120716181819" resolver="typesafe-ivy-releases" artresolver="typesafe-ivy-releases" extra-sbtVersion="0.12" extra-scalaVersion="2.9.2" downloaded="false" searched="false" default="false" conf="default(compile), compile" position="87">
				<metadata-artifact status="no" details="" size="1832" time="0" location="C:\Users\ondra\.ivy2\cache\scala_2.9.2\sbt_0.12\com.typesafe.sbteclipse\sbteclipse-plugin\ivy-2.1.0.xml" searched="false" origin-is-local="false" origin-location="http://repo.typesafe.com/typesafe/ivy-releases/com.typesafe.sbteclipse/sbteclipse-plugin/scala_2.9.2/sbt_0.12/2.1.0/ivys/ivy.xml"/>
				<caller organisation="default" name="default-818f35" conf="test, compile, runtime" rev="2.0.0" rev-constraint-default="2.0.0" rev-constraint-dynamic="2.0.0" callerrev="0.1-SNAPSHOT" extra-sbtVersion="0.12" extra-scalaVersion="2.9.2"/>
				<caller organisation="play" name="sbt-plugin" conf="compile" rev="2.1.0" rev-constraint-default="2.1.0" rev-constraint-dynamic="2.1.0" callerrev="2.1-09142012" extra-sbtVersion="0.12" extra-scalaVersion="2.9.2"/>
				<artifacts>
					<artifact name="sbteclipse-plugin" type="jar" ext="jar" status="no" details="" size="7978" time="0" location="C:\Users\ondra\.ivy2\cache\scala_2.9.2\sbt_0.12\com.typesafe.sbteclipse\sbteclipse-plugin\jars\sbteclipse-plugin-2.1.0.jar">
						<origin-location is-local="false" location="http://repo.typesafe.com/typesafe/ivy-releases/com.typesafe.sbteclipse/sbteclipse-plugin/scala_2.9.2/sbt_0.12/2.1.0/jars/sbteclipse-plugin.jar"/>
					</artifact>
				</artifacts>
			</revision>
			<revision name="2.0.0" status="release" pubdate="20120716182737" resolver="typesafe-ivy-releases" artresolver="typesafe-ivy-releases" evicted="latest-revision" evicted-reason="" extra-sbtVersion="0.12" extra-scalaVersion="2.9.2" downloaded="false" searched="false" default="false" conf="default(compile), compile" position="-1">
				<metadata-artifact status="no" details="" size="2027" time="0" location="C:\Users\ondra\.ivy2\cache\scala_2.9.2\sbt_0.12\com.typesafe.sbteclipse\sbteclipse-plugin\ivy-2.0.0.xml" searched="false" origin-is-local="false" origin-location="http://repo.typesafe.com/typesafe/ivy-releases/com.typesafe.sbteclipse/sbteclipse-plugin/scala_2.9.2/sbt_0.12/2.0.0/ivys/ivy.xml"/>
				<evicted-by rev="2.1.0"/>
				<caller organisation="default" name="default-818f35" conf="test, compile, runtime" rev="2.0.0" rev-constraint-default="2.0.0" rev-constraint-dynamic="2.0.0" callerrev="0.1-SNAPSHOT" extra-sbtVersion="0.12" extra-scalaVersion="2.9.2"/>
				<artifacts>
				</artifacts>
			</revision>
		</module>
		<module organisation="com.typesafe.sbteclipse" name="sbteclipse-core">
			<revision name="2.1.0" status="release" pubdate="20120716181819" resolver="typesafe-ivy-releases" artresolver="typesafe-ivy-releases" extra-sbtVersion="0.12" extra-scalaVersion="2.9.2" downloaded="false" searched="false" default="false" conf="default(compile), compile" position="88">
				<metadata-artifact status="no" details="" size="1753" time="0" location="C:\Users\ondra\.ivy2\cache\scala_2.9.2\sbt_0.12\com.typesafe.sbteclipse\sbteclipse-core\ivy-2.1.0.xml" searched="false" origin-is-local="false" origin-location="http://repo.typesafe.com/typesafe/ivy-releases/com.typesafe.sbteclipse/sbteclipse-core/scala_2.9.2/sbt_0.12/2.1.0/ivys/ivy.xml"/>
				<caller organisation="com.typesafe.sbteclipse" name="sbteclipse-plugin" conf="compile" rev="2.1.0" rev-constraint-default="2.1.0" rev-constraint-dynamic="2.1.0" callerrev="2.1.0" extra-sbtVersion="0.12" extra-scalaVersion="2.9.2"/>
				<caller organisation="com.typesafe.sbteclipse" name="sbteclipse-plugin" conf="compile" rev="2.0.0" rev-constraint-default="2.0.0" rev-constraint-dynamic="2.0.0" callerrev="2.0.0" extra-sbtVersion="0.12" extra-scalaVersion="2.9.2"/>
				<artifacts>
					<artifact name="sbteclipse-core" type="jar" ext="jar" status="no" details="" size="220555" time="0" location="C:\Users\ondra\.ivy2\cache\scala_2.9.2\sbt_0.12\com.typesafe.sbteclipse\sbteclipse-core\jars\sbteclipse-core-2.1.0.jar">
						<origin-location is-local="false" location="http://repo.typesafe.com/typesafe/ivy-releases/com.typesafe.sbteclipse/sbteclipse-core/scala_2.9.2/sbt_0.12/2.1.0/jars/sbteclipse-core.jar"/>
					</artifact>
				</artifacts>
			</revision>
			<revision name="2.0.0" status="release" pubdate="20120716182737" resolver="typesafe-ivy-releases" artresolver="typesafe-ivy-releases" evicted="latest-revision" evicted-reason="" extra-sbtVersion="0.12" extra-scalaVersion="2.9.2" downloaded="false" searched="false" default="false" conf="default(compile), compile" position="-1">
				<metadata-artifact status="no" details="" size="1936" time="0" location="C:\Users\ondra\.ivy2\cache\scala_2.9.2\sbt_0.12\com.typesafe.sbteclipse\sbteclipse-core\ivy-2.0.0.xml" searched="false" origin-is-local="false" origin-location="http://repo.typesafe.com/typesafe/ivy-releases/com.typesafe.sbteclipse/sbteclipse-core/scala_2.9.2/sbt_0.12/2.0.0/ivys/ivy.xml"/>
				<evicted-by rev="2.1.0"/>
				<caller organisation="com.typesafe.sbteclipse" name="sbteclipse-plugin" conf="compile" rev="2.0.0" rev-constraint-default="2.0.0" rev-constraint-dynamic="2.0.0" callerrev="2.0.0" extra-sbtVersion="0.12" extra-scalaVersion="2.9.2"/>
				<artifacts>
				</artifacts>
			</revision>
		</module>
		<module organisation="org.scalaz" name="scalaz-core_2.9.2">
			<revision name="6.0.4" status="release" pubdate="20120414111242" resolver="public" artresolver="public" homepage="http://scalaz.org" downloaded="false" searched="false" default="false" conf="default(compile), default, compile, runtime, master" position="89">
				<license name="BSD-style" url="http://www.opensource.org/licenses/bsd-license.php"/>
				<metadata-artifact status="no" details="" size="2544" time="0" location="C:\Users\ondra\.ivy2\cache\org.scalaz\scalaz-core_2.9.2\ivy-6.0.4.xml" searched="false" origin-is-local="false" origin-location="http://repo1.maven.org/maven2/org/scalaz/scalaz-core_2.9.2/6.0.4/scalaz-core_2.9.2-6.0.4.pom"/>
				<caller organisation="com.typesafe.sbteclipse" name="sbteclipse-core" conf="compile" rev="6.0.3" rev-constraint-default="6.0.3" rev-constraint-dynamic="6.0.3" callerrev="2.0.0"/>
				<caller organisation="com.typesafe.sbteclipse" name="sbteclipse-core" conf="compile" rev="6.0.4" rev-constraint-default="6.0.4" rev-constraint-dynamic="6.0.4" callerrev="2.1.0"/>
				<artifacts>
					<artifact name="scalaz-core_2.9.2" type="jar" ext="jar" status="no" details="" size="4474099" time="0" location="C:\Users\ondra\.ivy2\cache\org.scalaz\scalaz-core_2.9.2\jars\scalaz-core_2.9.2-6.0.4.jar">
						<origin-location is-local="false" location="http://repo1.maven.org/maven2/org/scalaz/scalaz-core_2.9.2/6.0.4/scalaz-core_2.9.2-6.0.4.jar"/>
					</artifact>
				</artifacts>
			</revision>
			<revision name="6.0.3" status="release" pubdate="20120414120622" resolver="public" artresolver="public" evicted="latest-revision" evicted-reason="" homepage="http://scalaz.org" downloaded="false" searched="false" default="false" conf="default(compile), default, compile, runtime, master" position="-1">
				<license name="BSD-style" url="http://www.opensource.org/licenses/bsd-license.php"/>
				<metadata-artifact status="no" details="" size="2544" time="0" location="C:\Users\ondra\.ivy2\cache\org.scalaz\scalaz-core_2.9.2\ivy-6.0.3.xml" searched="false" origin-is-local="false" origin-location="http://repo1.maven.org/maven2/org/scalaz/scalaz-core_2.9.2/6.0.3/scalaz-core_2.9.2-6.0.3.pom"/>
				<evicted-by rev="6.0.4"/>
				<caller organisation="com.typesafe.sbteclipse" name="sbteclipse-core" conf="compile" rev="6.0.3" rev-constraint-default="6.0.3" rev-constraint-dynamic="6.0.3" callerrev="2.0.0"/>
				<artifacts>
				</artifacts>
			</revision>
		</module>
		<module organisation="net.contentobjects.jnotify" name="jnotify">
			<revision name="0.94" status="release" pubdate="20150428215631" resolver="sbt-chain" artresolver="sbt-chain" homepage="" downloaded="false" searched="false" default="false" conf="default(compile), default, compile, runtime, master" position="86">
				<metadata-artifact status="no" details="" size="2276" time="0" location="C:\Users\ondra\.ivy2\cache\net.contentobjects.jnotify\jnotify\ivy-0.94.xml" searched="false" origin-is-local="false" origin-location="http://repo.typesafe.com/typesafe/releases/net/contentobjects/jnotify/jnotify/0.94/jnotify-0.94.pom"/>
				<caller organisation="play" name="sbt-plugin" conf="compile" rev="0.94" rev-constraint-default="0.94" rev-constraint-dynamic="0.94" callerrev="2.1-09142012"/>
				<artifacts>
					<artifact name="jnotify" type="jar" ext="jar" status="no" details="" size="659562" time="0" location="C:\Users\ondra\.ivy2\cache\net.contentobjects.jnotify\jnotify\jars\jnotify-0.94.jar">
						<origin-location is-local="false" location="http://repo.typesafe.com/typesafe/releases/net/contentobjects/jnotify/jnotify/0.94/jnotify-0.94.jar"/>
					</artifact>
				</artifacts>
			</revision>
		</module>
		<module organisation="org.pegdown" name="pegdown">
			<revision name="1.1.0" status="release" pubdate="20111005100206" resolver="public" artresolver="public" homepage="" downloaded="false" searched="false" default="false" conf="default(compile), default, compile, runtime, master" position="79">
				<license name="Apache 2" url="http://www.apache.org/licenses/LICENSE-2.0.txt"/>
				<metadata-artifact status="no" details="" size="2922" time="0" location="C:\Users\ondra\.ivy2\cache\org.pegdown\pegdown\ivy-1.1.0.xml" searched="false" origin-is-local="false" origin-location="http://repo1.maven.org/maven2/org/pegdown/pegdown/1.1.0/pegdown-1.1.0.pom"/>
				<caller organisation="play" name="sbt-plugin" conf="compile" rev="1.1.0" rev-constraint-default="1.1.0" rev-constraint-dynamic="1.1.0" callerrev="2.1-09142012"/>
				<artifacts>
					<artifact name="pegdown" type="jar" ext="jar" status="no" details="" size="60345" time="0" location="C:\Users\ondra\.ivy2\cache\org.pegdown\pegdown\jars\pegdown-1.1.0.jar">
						<origin-location is-local="false" location="http://repo1.maven.org/maven2/org/pegdown/pegdown/1.1.0/pegdown-1.1.0.jar"/>
					</artifact>
				</artifacts>
			</revision>
		</module>
		<module organisation="org.parboiled" name="parboiled-java">
			<revision name="1.0.2" status="release" pubdate="20110930162042" resolver="public" artresolver="public" homepage="http://parboiled.org/" downloaded="false" searched="false" default="false" conf="compile, master(*), runtime, compile(*), runtime(*), master" position="81">
				<license name="Apache 2" url="http://www.apache.org/licenses/LICENSE-2.0.txt"/>
				<metadata-artifact status="no" details="" size="3008" time="0" location="C:\Users\ondra\.ivy2\cache\org.parboiled\parboiled-java\ivy-1.0.2.xml" searched="false" origin-is-local="false" origin-location="http://repo1.maven.org/maven2/org/parboiled/parboiled-java/1.0.2/parboiled-java-1.0.2.pom"/>
				<caller organisation="org.pegdown" name="pegdown" conf="default, compile, runtime, master" rev="1.0.2" rev-constraint-default="1.0.2" rev-constraint-dynamic="1.0.2" callerrev="1.1.0"/>
				<artifacts>
					<artifact name="parboiled-java" type="jar" ext="jar" status="no" details="" size="83356" time="0" location="C:\Users\ondra\.ivy2\cache\org.parboiled\parboiled-java\jars\parboiled-java-1.0.2.jar">
						<origin-location is-local="false" location="http://repo1.maven.org/maven2/org/parboiled/parboiled-java/1.0.2/parboiled-java-1.0.2.jar"/>
					</artifact>
				</artifacts>
			</revision>
		</module>
		<module organisation="asm" name="asm-analysis">
			<revision name="3.3.1" status="release" pubdate="20110112150219" resolver="public" artresolver="public" homepage="" downloaded="false" searched="false" default="false" conf="compile, master(*), runtime, compile(*), runtime(*), master" position="85">
				<metadata-artifact status="no" details="" size="3451" time="0" location="C:\Users\ondra\.ivy2\cache\asm\asm-analysis\ivy-3.3.1.xml" searched="false" origin-is-local="false" origin-location="http://repo1.maven.org/maven2/asm/asm-analysis/3.3.1/asm-analysis-3.3.1.pom"/>
				<caller organisation="org.parboiled" name="parboiled-java" conf="compile, runtime" rev="3.3.1" rev-constraint-default="3.3.1" rev-constraint-dynamic="3.3.1" callerrev="1.0.2"/>
				<artifacts>
					<artifact name="asm-analysis" type="jar" ext="jar" status="no" details="" size="18358" time="0" location="C:\Users\ondra\.ivy2\cache\asm\asm-analysis\jars\asm-analysis-3.3.1.jar">
						<origin-location is-local="false" location="http://repo1.maven.org/maven2/asm/asm-analysis/3.3.1/asm-analysis-3.3.1.jar"/>
					</artifact>
				</artifacts>
			</revision>
		</module>
		<module organisation="asm" name="asm-util">
			<revision name="3.3.1" status="release" pubdate="20110112150349" resolver="public" artresolver="public" homepage="" downloaded="false" searched="false" default="false" conf="compile, master(*), runtime, compile(*), runtime(*), master" position="83">
				<metadata-artifact status="no" details="" size="3443" time="0" location="C:\Users\ondra\.ivy2\cache\asm\asm-util\ivy-3.3.1.xml" searched="false" origin-is-local="false" origin-location="http://repo1.maven.org/maven2/asm/asm-util/3.3.1/asm-util-3.3.1.pom"/>
				<caller organisation="org.parboiled" name="parboiled-java" conf="compile, runtime" rev="3.3.1" rev-constraint-default="3.3.1" rev-constraint-dynamic="3.3.1" callerrev="1.0.2"/>
				<caller organisation="org.clapper" name="classutil_2.9.1" conf="compile, runtime" rev="3.3" rev-constraint-default="3.3" rev-constraint-dynamic="3.3" callerrev="0.4.2"/>
				<artifacts>
					<artifact name="asm-util" type="jar" ext="jar" status="no" details="" size="36964" time="0" location="C:\Users\ondra\.ivy2\cache\asm\asm-util\jars\asm-util-3.3.1.jar">
						<origin-location is-local="false" location="http://repo1.maven.org/maven2/asm/asm-util/3.3.1/asm-util-3.3.1.jar"/>
					</artifact>
				</artifacts>
			</revision>
			<revision name="3.3" status="release" pubdate="20101006150722" resolver="public" artresolver="public" evicted="latest-revision" evicted-reason="" homepage="" downloaded="false" searched="false" default="false" conf="compile, master(*), runtime, compile(*), runtime(*), master" position="-1">
				<metadata-artifact status="no" details="" size="3415" time="0" location="C:\Users\ondra\.ivy2\cache\asm\asm-util\ivy-3.3.xml" searched="false" origin-is-local="false" origin-location="http://repo1.maven.org/maven2/asm/asm-util/3.3/asm-util-3.3.pom"/>
				<evicted-by rev="3.3.1"/>
				<caller organisation="org.clapper" name="classutil_2.9.1" conf="compile, runtime" rev="3.3" rev-constraint-default="3.3" rev-constraint-dynamic="3.3" callerrev="0.4.2"/>
				<artifacts>
				</artifacts>
			</revision>
		</module>
		<module organisation="asm" name="asm-tree">
			<revision name="3.3.1" status="release" pubdate="20110112150334" resolver="public" artresolver="public" homepage="" downloaded="false" searched="false" default="false" conf="compile, master(*), runtime, compile(*), runtime(*), master" position="84">
				<metadata-artifact status="no" details="" size="3438" time="0" location="C:\Users\ondra\.ivy2\cache\asm\asm-tree\ivy-3.3.1.xml" searched="false" origin-is-local="false" origin-location="http://repo1.maven.org/maven2/asm/asm-tree/3.3.1/asm-tree-3.3.1.pom"/>
				<caller organisation="asm" name="asm-util" conf="compile, runtime" rev="3.3.1" rev-constraint-default="3.3.1" rev-constraint-dynamic="3.3.1" callerrev="3.3.1"/>
				<caller organisation="org.parboiled" name="parboiled-java" conf="compile, runtime" rev="3.3.1" rev-constraint-default="3.3.1" rev-constraint-dynamic="3.3.1" callerrev="1.0.2"/>
				<caller organisation="asm" name="asm-util" conf="compile, runtime" rev="3.3" rev-constraint-default="3.3" rev-constraint-dynamic="3.3" callerrev="3.3"/>
				<caller organisation="asm" name="asm-commons" conf="compile, runtime" rev="3.3" rev-constraint-default="3.3" rev-constraint-dynamic="3.3" callerrev="3.3"/>
				<caller organisation="asm" name="asm-analysis" conf="compile, runtime" rev="3.3.1" rev-constraint-default="3.3.1" rev-constraint-dynamic="3.3.1" callerrev="3.3.1"/>
				<artifacts>
					<artifact name="asm-tree" type="jar" ext="jar" status="no" details="" size="21507" time="0" location="C:\Users\ondra\.ivy2\cache\asm\asm-tree\jars\asm-tree-3.3.1.jar">
						<origin-location is-local="false" location="http://repo1.maven.org/maven2/asm/asm-tree/3.3.1/asm-tree-3.3.1.jar"/>
					</artifact>
				</artifacts>
			</revision>
			<revision name="3.3" status="release" pubdate="20101006150705" resolver="public" artresolver="public" evicted="latest-revision" evicted-reason="" homepage="" downloaded="false" searched="false" default="false" conf="compile, master(*), runtime, compile(*), runtime(*), master" position="-1">
				<metadata-artifact status="no" details="" size="3410" time="0" location="C:\Users\ondra\.ivy2\cache\asm\asm-tree\ivy-3.3.xml" searched="false" origin-is-local="false" origin-location="http://repo1.maven.org/maven2/asm/asm-tree/3.3/asm-tree-3.3.pom"/>
				<evicted-by rev="3.3.1"/>
				<caller organisation="asm" name="asm-util" conf="compile, runtime" rev="3.3" rev-constraint-default="3.3" rev-constraint-dynamic="3.3" callerrev="3.3"/>
				<caller organisation="asm" name="asm-commons" conf="compile, runtime" rev="3.3" rev-constraint-default="3.3" rev-constraint-dynamic="3.3" callerrev="3.3"/>
				<artifacts>
				</artifacts>
			</revision>
		</module>
		<module organisation="asm" name="asm">
			<revision name="3.3.1" status="release" pubdate="20110112150134" resolver="public" artresolver="public" homepage="" downloaded="false" searched="false" default="false" conf="compile, master(*), runtime, compile(*), runtime(*), master" position="82">
				<metadata-artifact status="no" details="" size="2846" time="0" location="C:\Users\ondra\.ivy2\cache\asm\asm\ivy-3.3.1.xml" searched="false" origin-is-local="false" origin-location="http://repo1.maven.org/maven2/asm/asm/3.3.1/asm-3.3.1.pom"/>
				<caller organisation="asm" name="asm-tree" conf="compile, runtime" rev="3.3" rev-constraint-default="3.3" rev-constraint-dynamic="3.3" callerrev="3.3"/>
				<caller organisation="org.parboiled" name="parboiled-java" conf="compile, runtime" rev="3.3.1" rev-constraint-default="3.3.1" rev-constraint-dynamic="3.3.1" callerrev="1.0.2"/>
				<caller organisation="org.clapper" name="classutil_2.9.1" conf="compile, runtime" rev="3.3" rev-constraint-default="3.3" rev-constraint-dynamic="3.3" callerrev="0.4.2"/>
				<caller organisation="asm" name="asm-tree" conf="compile, runtime" rev="3.3.1" rev-constraint-default="3.3.1" rev-constraint-dynamic="3.3.1" callerrev="3.3.1"/>
				<artifacts>
					<artifact name="asm" type="jar" ext="jar" status="no" details="" size="43581" time="0" location="C:\Users\ondra\.ivy2\cache\asm\asm\jars\asm-3.3.1.jar">
						<origin-location is-local="false" location="http://repo1.maven.org/maven2/asm/asm/3.3.1/asm-3.3.1.jar"/>
					</artifact>
				</artifacts>
			</revision>
			<revision name="3.3" status="release" pubdate="20101006150318" resolver="public" artresolver="public" evicted="latest-revision" evicted-reason="" homepage="" downloaded="false" searched="false" default="false" conf="compile, master(*), runtime, compile(*), runtime(*), master" position="-1">
				<metadata-artifact status="no" details="" size="2832" time="0" location="C:\Users\ondra\.ivy2\cache\asm\asm\ivy-3.3.xml" searched="false" origin-is-local="false" origin-location="http://repo1.maven.org/maven2/asm/asm/3.3/asm-3.3.pom"/>
				<evicted-by rev="3.3.1"/>
				<caller organisation="asm" name="asm-tree" conf="compile, runtime" rev="3.3" rev-constraint-default="3.3" rev-constraint-dynamic="3.3" callerrev="3.3"/>
				<caller organisation="org.clapper" name="classutil_2.9.1" conf="compile, runtime" rev="3.3" rev-constraint-default="3.3" rev-constraint-dynamic="3.3" callerrev="0.4.2"/>
				<artifacts>
				</artifacts>
			</revision>
		</module>
		<module organisation="org.parboiled" name="parboiled-core">
			<revision name="1.0.2" status="release" pubdate="20110930162025" resolver="public" artresolver="public" homepage="http://parboiled.org/" downloaded="false" searched="false" default="false" conf="compile, master(*), runtime, compile(*), runtime(*), master" position="80">
				<license name="Apache 2" url="http://www.apache.org/licenses/LICENSE-2.0.txt"/>
				<metadata-artifact status="no" details="" size="2333" time="0" location="C:\Users\ondra\.ivy2\cache\org.parboiled\parboiled-core\ivy-1.0.2.xml" searched="false" origin-is-local="false" origin-location="http://repo1.maven.org/maven2/org/parboiled/parboiled-core/1.0.2/parboiled-core-1.0.2.pom"/>
				<caller organisation="org.parboiled" name="parboiled-java" conf="compile, runtime" rev="1.0.2" rev-constraint-default="1.0.2" rev-constraint-dynamic="1.0.2" callerrev="1.0.2"/>
				<caller organisation="org.pegdown" name="pegdown" conf="default, compile, runtime, master" rev="1.0.2" rev-constraint-default="1.0.2" rev-constraint-dynamic="1.0.2" callerrev="1.1.0"/>
				<artifacts>
					<artifact name="parboiled-core" type="jar" ext="jar" status="no" details="" size="211833" time="0" location="C:\Users\ondra\.ivy2\cache\org.parboiled\parboiled-core\jars\parboiled-core-1.0.2.jar">
						<origin-location is-local="false" location="http://repo1.maven.org/maven2/org/parboiled/parboiled-core/1.0.2/parboiled-core-1.0.2.jar"/>
					</artifact>
				</artifacts>
			</revision>
		</module>
		<module organisation="com.google.javascript" name="closure-compiler">
			<revision name="rr2079.1" status="release" pubdate="20120814183139" resolver="public" artresolver="public" homepage="http://code.google.com/p/closure-compiler/" downloaded="false" searched="false" default="false" conf="default(compile), default, compile, runtime, master" position="77">
				<license name="The Apache Software License, Version 2.0" url="http://www.apache.org/licenses/LICENSE-2.0.html"/>
				<metadata-artifact status="no" details="" size="4026" time="0" location="C:\Users\ondra\.ivy2\cache\com.google.javascript\closure-compiler\ivy-rr2079.1.xml" searched="false" origin-is-local="false" origin-location="http://repo1.maven.org/maven2/com/google/javascript/closure-compiler/rr2079.1/closure-compiler-rr2079.1.pom"/>
				<caller organisation="play" name="sbt-plugin" conf="compile" rev="rr2079.1" rev-constraint-default="rr2079.1" rev-constraint-dynamic="rr2079.1" callerrev="2.1-09142012"/>
				<artifacts>
					<artifact name="closure-compiler" type="jar" ext="jar" status="no" details="" size="3399207" time="0" location="C:\Users\ondra\.ivy2\cache\com.google.javascript\closure-compiler\jars\closure-compiler-rr2079.1.jar">
						<origin-location is-local="false" location="http://repo1.maven.org/maven2/com/google/javascript/closure-compiler/rr2079.1/closure-compiler-rr2079.1.jar"/>
					</artifact>
				</artifacts>
			</revision>
		</module>
		<module organisation="rhino" name="js">
			<revision name="1.7R2" status="release" pubdate="20090821160542" resolver="public" artresolver="public" homepage="http://www.mozilla.org/rhino/" downloaded="false" searched="false" default="false" conf="default(compile), default, compile, runtime, master" position="76">
				<license name="Mozilla Public License" url="http://www.mozilla.org/MPL/MPL-1.1.html"/>
				<metadata-artifact status="no" details="" size="2497" time="0" location="C:\Users\ondra\.ivy2\cache\rhino\js\ivy-1.7R2.xml" searched="false" origin-is-local="false" origin-location="http://repo1.maven.org/maven2/rhino/js/1.7R2/js-1.7R2.pom"/>
				<caller organisation="play" name="sbt-plugin" conf="compile" rev="1.7R2" rev-constraint-default="1.7R2" rev-constraint-dynamic="1.7R2" callerrev="2.1-09142012"/>
				<artifacts>
					<artifact name="js" type="jar" ext="jar" status="no" details="" size="871260" time="0" location="C:\Users\ondra\.ivy2\cache\rhino\js\jars\js-1.7R2.jar">
						<origin-location is-local="false" location="http://repo1.maven.org/maven2/rhino/js/1.7R2/js-1.7R2.jar"/>
					</artifact>
				</artifacts>
			</revision>
		</module>
		<module organisation="com.typesafe.config" name="config">
			<revision name="0.2.1" status="release" pubdate="20150421172709" resolver="sbt-chain" artresolver="sbt-chain" homepage="" downloaded="false" searched="false" default="false" conf="default(compile), default, compile, runtime, master" position="75">
				<metadata-artifact status="no" details="" size="2643" time="0" location="C:\Users\ondra\.ivy2\cache\com.typesafe.config\config\ivy-0.2.1.xml" searched="false" origin-is-local="false" origin-location="http://repo.typesafe.com/typesafe/releases/com/typesafe/config/config/0.2.1/config-0.2.1.pom"/>
				<caller organisation="play" name="sbt-plugin" conf="compile" rev="0.2.1" rev-constraint-default="0.2.1" rev-constraint-dynamic="0.2.1" callerrev="2.1-09142012"/>
				<artifacts>
					<artifact name="config" type="jar" ext="jar" status="no" details="" size="140079" time="0" location="C:\Users\ondra\.ivy2\cache\com.typesafe.config\config\jars\config-0.2.1.jar">
						<origin-location is-local="false" location="http://repo.typesafe.com/typesafe/releases/com/typesafe/config/config/0.2.1/config-0.2.1.jar"/>
					</artifact>
				</artifacts>
			</revision>
		</module>
		<module organisation="play" name="console_2.9.2">
			<revision name="2.1-09142012" status="release" pubdate="20150421164848" resolver="sbt-chain" artresolver="sbt-chain" homepage="" downloaded="false" searched="false" default="false" conf="default(compile), default, compile, runtime, master" position="52">
				<metadata-artifact status="no" details="" size="2731" time="0" location="C:\Users\ondra\.ivy2\cache\play\console_2.9.2\ivy-2.1-09142012.xml" searched="false" origin-is-local="false" origin-location="http://repo.typesafe.com/typesafe/releases/play/console_2.9.2/2.1-09142012/console_2.9.2-2.1-09142012.pom"/>
				<caller organisation="play" name="sbt-plugin" conf="compile" rev="2.1-09142012" rev-constraint-default="2.1-09142012" rev-constraint-dynamic="2.1-09142012" callerrev="2.1-09142012"/>
				<artifacts>
					<artifact name="console_2.9.2" type="jar" ext="jar" status="no" details="" size="42007" time="0" location="C:\Users\ondra\.ivy2\cache\play\console_2.9.2\jars\console_2.9.2-2.1-09142012.jar">
						<origin-location is-local="false" location="http://repo.typesafe.com/typesafe/releases/play/console_2.9.2/2.1-09142012/console_2.9.2-2.1-09142012.jar"/>
					</artifact>
				</artifacts>
			</revision>
		</module>
		<module organisation="net.databinder.giter8" name="giter8_2.9.1">
			<revision name="0.5.0" status="release" pubdate="20120809043545" resolver="public" artresolver="public" homepage="https://github.com/n8han/giter8" downloaded="false" searched="false" default="false" conf="compile, master(*), runtime, compile(*), runtime(*), master" position="53">
				<license name="LGPL v3" url="http://www.gnu.org/licenses/lgpl.txt"/>
				<metadata-artifact status="no" details="" size="3359" time="0" location="C:\Users\ondra\.ivy2\cache\net.databinder.giter8\giter8_2.9.1\ivy-0.5.0.xml" searched="false" origin-is-local="false" origin-location="http://repo1.maven.org/maven2/net/databinder/giter8/giter8_2.9.1/0.5.0/giter8_2.9.1-0.5.0.pom"/>
				<caller organisation="play" name="console_2.9.2" conf="default, compile, runtime, master" rev="0.5.0" rev-constraint-default="0.5.0" rev-constraint-dynamic="0.5.0" callerrev="2.1-09142012"/>
				<artifacts>
					<artifact name="giter8_2.9.1" type="jar" ext="jar" status="no" details="" size="25203" time="0" location="C:\Users\ondra\.ivy2\cache\net.databinder.giter8\giter8_2.9.1\jars\giter8_2.9.1-0.5.0.jar">
						<origin-location is-local="false" location="http://repo1.maven.org/maven2/net/databinder/giter8/giter8_2.9.1/0.5.0/giter8_2.9.1-0.5.0.jar"/>
					</artifact>
				</artifacts>
			</revision>
		</module>
		<module organisation="com.github.scala-incubator.io" name="scala-io-file_2.9.1">
			<revision name="0.4.0-seq" status="release" pubdate="20120727110427" resolver="public" artresolver="public" homepage="http://jesseeichar.github.com/scala-io-doc/index.html" downloaded="false" searched="false" default="false" conf="compile, master(*), runtime, compile(*), runtime(*), master" position="73">
				<license name="Scala License" url="http://www.scala-lang.org/node/146"/>
				<metadata-artifact status="no" details="" size="2879" time="0" location="C:\Users\ondra\.ivy2\cache\com.github.scala-incubator.io\scala-io-file_2.9.1\ivy-0.4.0-seq.xml" searched="false" origin-is-local="false" origin-location="http://repo1.maven.org/maven2/com/github/scala-incubator/io/scala-io-file_2.9.1/0.4.0-seq/scala-io-file_2.9.1-0.4.0-seq.pom"/>
				<caller organisation="net.databinder.giter8" name="giter8_2.9.1" conf="compile, runtime" rev="0.4.0-seq" rev-constraint-default="0.4.0-seq" rev-constraint-dynamic="0.4.0-seq" callerrev="0.5.0"/>
				<artifacts>
					<artifact name="scala-io-file_2.9.1" type="jar" ext="jar" status="no" details="" size="387664" time="0" location="C:\Users\ondra\.ivy2\cache\com.github.scala-incubator.io\scala-io-file_2.9.1\jars\scala-io-file_2.9.1-0.4.0-seq.jar">
						<origin-location is-local="false" location="http://repo1.maven.org/maven2/com/github/scala-incubator/io/scala-io-file_2.9.1/0.4.0-seq/scala-io-file_2.9.1-0.4.0-seq.jar"/>
					</artifact>
				</artifacts>
			</revision>
		</module>
		<module organisation="com.github.scala-incubator.io" name="scala-io-core_2.9.1">
			<revision name="0.4.0-seq" status="release" pubdate="20120727110500" resolver="public" artresolver="public" homepage="http://jesseeichar.github.com/scala-io-doc/index.html" downloaded="false" searched="false" default="false" conf="compile, master(*), runtime, compile(*), runtime(*), master" position="74">
				<license name="Scala License" url="http://www.scala-lang.org/node/146"/>
				<metadata-artifact status="no" details="" size="2869" time="0" location="C:\Users\ondra\.ivy2\cache\com.github.scala-incubator.io\scala-io-core_2.9.1\ivy-0.4.0-seq.xml" searched="false" origin-is-local="false" origin-location="http://repo1.maven.org/maven2/com/github/scala-incubator/io/scala-io-core_2.9.1/0.4.0-seq/scala-io-core_2.9.1-0.4.0-seq.pom"/>
				<caller organisation="com.github.scala-incubator.io" name="scala-io-file_2.9.1" conf="compile, runtime" rev="0.4.0-seq" rev-constraint-default="0.4.0-seq" rev-constraint-dynamic="0.4.0-seq" callerrev="0.4.0-seq"/>
				<artifacts>
					<artifact name="scala-io-core_2.9.1" type="jar" ext="jar" status="no" details="" size="1341626" time="0" location="C:\Users\ondra\.ivy2\cache\com.github.scala-incubator.io\scala-io-core_2.9.1\jars\scala-io-core_2.9.1-0.4.0-seq.jar">
						<origin-location is-local="false" location="http://repo1.maven.org/maven2/com/github/scala-incubator/io/scala-io-core_2.9.1/0.4.0-seq/scala-io-core_2.9.1-0.4.0-seq.jar"/>
					</artifact>
				</artifacts>
			</revision>
		</module>
		<module organisation="org.eclipse.jgit" name="org.eclipse.jgit">
			<revision name="1.3.0.201202151440-r" status="release" pubdate="20120217192826" resolver="public" artresolver="public" homepage="" downloaded="false" searched="false" default="false" conf="compile, master(*), runtime, compile(*), runtime(*), master" position="71">
				<metadata-artifact status="no" details="" size="5703" time="0" location="C:\Users\ondra\.ivy2\cache\org.eclipse.jgit\org.eclipse.jgit\ivy-1.3.0.201202151440-r.xml" searched="false" origin-is-local="false" origin-location="http://repo1.maven.org/maven2/org/eclipse/jgit/org.eclipse.jgit/1.3.0.201202151440-r/org.eclipse.jgit-1.3.0.201202151440-r.pom"/>
				<caller organisation="net.databinder.giter8" name="giter8_2.9.1" conf="compile, runtime" rev="1.3.0.201202151440-r" rev-constraint-default="1.3.0.201202151440-r" rev-constraint-dynamic="1.3.0.201202151440-r" callerrev="0.5.0"/>
				<artifacts>
					<artifact name="org.eclipse.jgit" type="jar" ext="jar" status="no" details="" size="1531924" time="0" location="C:\Users\ondra\.ivy2\cache\org.eclipse.jgit\org.eclipse.jgit\jars\org.eclipse.jgit-1.3.0.201202151440-r.jar">
						<origin-location is-local="false" location="http://repo1.maven.org/maven2/org/eclipse/jgit/org.eclipse.jgit/1.3.0.201202151440-r/org.eclipse.jgit-1.3.0.201202151440-r.jar"/>
					</artifact>
				</artifacts>
			</revision>
		</module>
		<module organisation="com.jcraft" name="jsch">
			<revision name="0.1.44-1" status="release" pubdate="20110218074929" resolver="public" artresolver="public" homepage="http://www.jcraft.com/jsch/" downloaded="false" searched="false" default="false" conf="compile, master(*), runtime, compile(*), runtime(*), master" position="72">
				<license name="Revised BSD" url="http://www.jcraft.com/jsch/LICENSE.txt"/>
				<metadata-artifact status="no" details="" size="3241" time="0" location="C:\Users\ondra\.ivy2\cache\com.jcraft\jsch\ivy-0.1.44-1.xml" searched="false" origin-is-local="false" origin-location="http://repo1.maven.org/maven2/com/jcraft/jsch/0.1.44-1/jsch-0.1.44-1.pom"/>
				<caller organisation="org.eclipse.jgit" name="org.eclipse.jgit" conf="compile, runtime" rev="0.1.44-1" rev-constraint-default="0.1.44-1" rev-constraint-dynamic="0.1.44-1" callerrev="1.3.0.201202151440-r"/>
				<artifacts>
					<artifact name="jsch" type="jar" ext="jar" status="no" details="" size="213781" time="0" location="C:\Users\ondra\.ivy2\cache\com.jcraft\jsch\jars\jsch-0.1.44-1.jar">
						<origin-location is-local="false" location="http://repo1.maven.org/maven2/com/jcraft/jsch/0.1.44-1/jsch-0.1.44-1.jar"/>
					</artifact>
				</artifacts>
			</revision>
		</module>
		<module organisation="net.databinder.giter8" name="giter8-lib_2.9.1">
			<revision name="0.5.0" status="release" pubdate="20120809043533" resolver="public" artresolver="public" homepage="https://github.com/n8han/giter8" downloaded="false" searched="false" default="false" conf="compile, master(*), runtime, compile(*), runtime(*), master" position="54">
				<license name="LGPL v3" url="http://www.gnu.org/licenses/lgpl.txt"/>
				<metadata-artifact status="no" details="" size="2847" time="0" location="C:\Users\ondra\.ivy2\cache\net.databinder.giter8\giter8-lib_2.9.1\ivy-0.5.0.xml" searched="false" origin-is-local="false" origin-location="http://repo1.maven.org/maven2/net/databinder/giter8/giter8-lib_2.9.1/0.5.0/giter8-lib_2.9.1-0.5.0.pom"/>
				<caller organisation="net.databinder.giter8" name="giter8_2.9.1" conf="compile, runtime" rev="0.5.0" rev-constraint-default="0.5.0" rev-constraint-dynamic="0.5.0" callerrev="0.5.0"/>
				<artifacts>
					<artifact name="giter8-lib_2.9.1" type="jar" ext="jar" status="no" details="" size="84352" time="0" location="C:\Users\ondra\.ivy2\cache\net.databinder.giter8\giter8-lib_2.9.1\jars\giter8-lib_2.9.1-0.5.0.jar">
						<origin-location is-local="false" location="http://repo1.maven.org/maven2/net/databinder/giter8/giter8-lib_2.9.1/0.5.0/giter8-lib_2.9.1-0.5.0.jar"/>
					</artifact>
				</artifacts>
			</revision>
		</module>
		<module organisation="me.lessis" name="ls_2.9.1">
			<revision name="0.1.2-RC2" status="release" pubdate="20120307081405" resolver="public" artresolver="public" homepage="http://ls.implicit.ly/" downloaded="false" searched="false" default="false" conf="compile, master(*), runtime, compile(*), runtime(*), master" position="64">
				<license name="MIT" url="http://www.opensource.org/licenses/MIT"/>
				<metadata-artifact status="no" details="" size="2654" time="0" location="C:\Users\ondra\.ivy2\cache\me.lessis\ls_2.9.1\ivy-0.1.2-RC2.xml" searched="false" origin-is-local="false" origin-location="http://repo1.maven.org/maven2/me/lessis/ls_2.9.1/0.1.2-RC2/ls_2.9.1-0.1.2-RC2.pom"/>
				<caller organisation="net.databinder.giter8" name="giter8-lib_2.9.1" conf="compile, runtime" rev="0.1.2-RC2" rev-constraint-default="0.1.2-RC2" rev-constraint-dynamic="0.1.2-RC2" callerrev="0.5.0"/>
				<artifacts>
					<artifact name="ls_2.9.1" type="jar" ext="jar" status="no" details="" size="62978" time="0" location="C:\Users\ondra\.ivy2\cache\me.lessis\ls_2.9.1\jars\ls_2.9.1-0.1.2-RC2.jar">
						<origin-location is-local="false" location="http://repo1.maven.org/maven2/me/lessis/ls_2.9.1/0.1.2-RC2/ls_2.9.1-0.1.2-RC2.jar"/>
					</artifact>
				</artifacts>
			</revision>
		</module>
		<module organisation="net.databinder" name="dispatch-http_2.9.1">
			<revision name="0.8.6" status="release" pubdate="20111029233759" resolver="public" artresolver="public" homepage="" downloaded="false" searched="false" default="false" conf="compile, master(*), runtime, compile(*), runtime(*), master" position="65">
				<metadata-artifact status="no" details="" size="3019" time="0" location="C:\Users\ondra\.ivy2\cache\net.databinder\dispatch-http_2.9.1\ivy-0.8.6.xml" searched="false" origin-is-local="false" origin-location="http://repo1.maven.org/maven2/net/databinder/dispatch-http_2.9.1/0.8.6/dispatch-http_2.9.1-0.8.6.pom"/>
				<caller organisation="me.lessis" name="ls_2.9.1" conf="compile, runtime" rev="0.8.6" rev-constraint-default="0.8.6" rev-constraint-dynamic="0.8.6" callerrev="0.1.2-RC2"/>
				<artifacts>
					<artifact name="dispatch-http_2.9.1" type="jar" ext="jar" status="no" details="" size="32576" time="0" location="C:\Users\ondra\.ivy2\cache\net.databinder\dispatch-http_2.9.1\jars\dispatch-http_2.9.1-0.8.6.jar">
						<origin-location is-local="false" location="http://repo1.maven.org/maven2/net/databinder/dispatch-http_2.9.1/0.8.6/dispatch-http_2.9.1-0.8.6.jar"/>
					</artifact>
				</artifacts>
			</revision>
		</module>
		<module organisation="net.databinder" name="dispatch-futures_2.9.1">
			<revision name="0.8.6" status="release" pubdate="20111029233732" resolver="public" artresolver="public" homepage="" downloaded="false" searched="false" default="false" conf="compile, master(*), runtime, compile(*), runtime(*), master" position="70">
				<metadata-artifact status="no" details="" size="2731" time="0" location="C:\Users\ondra\.ivy2\cache\net.databinder\dispatch-futures_2.9.1\ivy-0.8.6.xml" searched="false" origin-is-local="false" origin-location="http://repo1.maven.org/maven2/net/databinder/dispatch-futures_2.9.1/0.8.6/dispatch-futures_2.9.1-0.8.6.pom"/>
				<caller organisation="net.databinder" name="dispatch-http_2.9.1" conf="compile, runtime" rev="0.8.6" rev-constraint-default="0.8.6" rev-constraint-dynamic="0.8.6" callerrev="0.8.6"/>
				<artifacts>
					<artifact name="dispatch-futures_2.9.1" type="jar" ext="jar" status="no" details="" size="13279" time="0" location="C:\Users\ondra\.ivy2\cache\net.databinder\dispatch-futures_2.9.1\jars\dispatch-futures_2.9.1-0.8.6.jar">
						<origin-location is-local="false" location="http://repo1.maven.org/maven2/net/databinder/dispatch-futures_2.9.1/0.8.6/dispatch-futures_2.9.1-0.8.6.jar"/>
					</artifact>
				</artifacts>
			</revision>
		</module>
		<module organisation="net.databinder" name="dispatch-core_2.9.1">
			<revision name="0.8.6" status="release" pubdate="20111029233746" resolver="public" artresolver="public" homepage="" downloaded="false" searched="false" default="false" conf="compile, master(*), runtime, compile(*), runtime(*), master" position="66">
				<metadata-artifact status="no" details="" size="2722" time="0" location="C:\Users\ondra\.ivy2\cache\net.databinder\dispatch-core_2.9.1\ivy-0.8.6.xml" searched="false" origin-is-local="false" origin-location="http://repo1.maven.org/maven2/net/databinder/dispatch-core_2.9.1/0.8.6/dispatch-core_2.9.1-0.8.6.pom"/>
				<caller organisation="net.databinder" name="dispatch-http_2.9.1" conf="compile, runtime" rev="0.8.6" rev-constraint-default="0.8.6" rev-constraint-dynamic="0.8.6" callerrev="0.8.6"/>
				<artifacts>
					<artifact name="dispatch-core_2.9.1" type="jar" ext="jar" status="no" details="" size="119176" time="0" location="C:\Users\ondra\.ivy2\cache\net.databinder\dispatch-core_2.9.1\jars\dispatch-core_2.9.1-0.8.6.jar">
						<origin-location is-local="false" location="http://repo1.maven.org/maven2/net/databinder/dispatch-core_2.9.1/0.8.6/dispatch-core_2.9.1-0.8.6.jar"/>
					</artifact>
				</artifacts>
			</revision>
		</module>
		<module organisation="org.apache.httpcomponents" name="httpclient">
			<revision name="4.1.2" status="release" pubdate="20110730000203" resolver="public" artresolver="public" homepage="http://hc.apache.org/httpcomponents-client" downloaded="false" searched="false" default="false" conf="compile, master(*), runtime, compile(*), runtime(*), master" position="67">
				<metadata-artifact status="no" details="" size="5624" time="0" location="C:\Users\ondra\.ivy2\cache\org.apache.httpcomponents\httpclient\ivy-4.1.2.xml" searched="false" origin-is-local="false" origin-location="http://repo1.maven.org/maven2/org/apache/httpcomponents/httpclient/4.1.2/httpclient-4.1.2.pom"/>
				<caller organisation="net.databinder" name="dispatch-futures_2.9.1" conf="compile, runtime" rev="4.1.2" rev-constraint-default="4.1.2" rev-constraint-dynamic="4.1.2" callerrev="0.8.6"/>
				<caller organisation="oauth.signpost" name="signpost-commonshttp4" conf="compile, runtime" rev="4.0.1" rev-constraint-default="4.0.1" rev-constraint-dynamic="4.0.1" callerrev="1.2.1.1"/>
				<caller organisation="net.databinder" name="dispatch-core_2.9.1" conf="compile, runtime" rev="4.1.2" rev-constraint-default="4.1.2" rev-constraint-dynamic="4.1.2" callerrev="0.8.6"/>
				<caller organisation="net.databinder" name="dispatch-http_2.9.1" conf="compile, runtime" rev="4.1.2" rev-constraint-default="4.1.2" rev-constraint-dynamic="4.1.2" callerrev="0.8.6"/>
				<artifacts>
					<artifact name="httpclient" type="jar" ext="jar" status="no" details="" size="352254" time="0" location="C:\Users\ondra\.ivy2\cache\org.apache.httpcomponents\httpclient\jars\httpclient-4.1.2.jar">
						<origin-location is-local="false" location="http://repo1.maven.org/maven2/org/apache/httpcomponents/httpclient/4.1.2/httpclient-4.1.2.jar"/>
					</artifact>
				</artifacts>
			</revision>
			<revision name="4.0.1" status="release" pubdate="20091209202018" resolver="public" artresolver="public" evicted="latest-revision" evicted-reason="" homepage="http://hc.apache.org/httpcomponents-client" downloaded="false" searched="false" default="false" conf="compile, master(*), runtime, compile(*), runtime(*), master" position="-1">
				<license name="Apache License" url="../LICENSE.txt"/>
				<metadata-artifact status="no" details="" size="5075" time="0" location="C:\Users\ondra\.ivy2\cache\org.apache.httpcomponents\httpclient\ivy-4.0.1.xml" searched="false" origin-is-local="false" origin-location="http://repo1.maven.org/maven2/org/apache/httpcomponents/httpclient/4.0.1/httpclient-4.0.1.pom"/>
				<evicted-by rev="4.1.2"/>
				<caller organisation="oauth.signpost" name="signpost-commonshttp4" conf="compile, runtime" rev="4.0.1" rev-constraint-default="4.0.1" rev-constraint-dynamic="4.0.1" callerrev="1.2.1.1"/>
				<artifacts>
				</artifacts>
			</revision>
		</module>
		<module organisation="commons-codec" name="commons-codec">
			<revision name="1.4" status="release" pubdate="20090809232217" resolver="public" artresolver="public" homepage="http://commons.apache.org/codec/" downloaded="false" searched="false" default="false" conf="compile, master(*), runtime, compile(*), runtime(*), master" position="69">
				<metadata-artifact status="no" details="" size="5035" time="0" location="C:\Users\ondra\.ivy2\cache\commons-codec\commons-codec\ivy-1.4.xml" searched="false" origin-is-local="false" origin-location="http://repo1.maven.org/maven2/commons-codec/commons-codec/1.4/commons-codec-1.4.pom"/>
				<caller organisation="org.apache.httpcomponents" name="httpclient" conf="compile, runtime" rev="1.4" rev-constraint-default="1.4" rev-constraint-dynamic="1.4" callerrev="4.1.2"/>
				<caller organisation="oauth.signpost" name="signpost-core" conf="compile, runtime" rev="1.3" rev-constraint-default="1.3" rev-constraint-dynamic="1.3" callerrev="1.2.1.1"/>
				<caller organisation="org.apache.httpcomponents" name="httpclient" conf="compile, runtime" rev="1.3" rev-constraint-default="1.3" rev-constraint-dynamic="1.3" callerrev="4.0.1"/>
				<artifacts>
					<artifact name="commons-codec" type="jar" ext="jar" status="no" details="" size="58160" time="0" location="C:\Users\ondra\.ivy2\cache\commons-codec\commons-codec\jars\commons-codec-1.4.jar">
						<origin-location is-local="false" location="http://repo1.maven.org/maven2/commons-codec/commons-codec/1.4/commons-codec-1.4.jar"/>
					</artifact>
				</artifacts>
			</revision>
			<revision name="1.3" status="release" pubdate="20051108232951" resolver="public" artresolver="public" evicted="latest-revision" evicted-reason="" homepage="http://jakarta.apache.org/commons/codec/" downloaded="false" searched="false" default="false" conf="compile, master(*), runtime, compile(*), runtime(*), master" position="-1">
				<license name="The Apache Software License, Version 2.0" url="/LICENSE.txt"/>
				<metadata-artifact status="no" details="" size="2824" time="0" location="C:\Users\ondra\.ivy2\cache\commons-codec\commons-codec\ivy-1.3.xml" searched="false" origin-is-local="false" origin-location="http://repo1.maven.org/maven2/commons-codec/commons-codec/1.3/commons-codec-1.3.pom"/>
				<evicted-by rev="1.4"/>
				<caller organisation="org.apache.httpcomponents" name="httpclient" conf="compile, runtime" rev="1.3" rev-constraint-default="1.3" rev-constraint-dynamic="1.3" callerrev="4.0.1"/>
				<caller organisation="oauth.signpost" name="signpost-core" conf="compile, runtime" rev="1.3" rev-constraint-default="1.3" rev-constraint-dynamic="1.3" callerrev="1.2.1.1"/>
				<artifacts>
				</artifacts>
			</revision>
		</module>
		<module organisation="org.apache.httpcomponents" name="httpcore">
			<revision name="4.1.2" status="release" pubdate="20110710130325" resolver="public" artresolver="public" homepage="http://hc.apache.org/httpcomponents-core-ga" downloaded="false" searched="false" default="false" conf="compile, master(*), runtime, compile(*), runtime(*), master" position="68">
				<metadata-artifact status="no" details="" size="4718" time="0" location="C:\Users\ondra\.ivy2\cache\org.apache.httpcomponents\httpcore\ivy-4.1.2.xml" searched="false" origin-is-local="false" origin-location="http://repo1.maven.org/maven2/org/apache/httpcomponents/httpcore/4.1.2/httpcore-4.1.2.pom"/>
				<caller organisation="oauth.signpost" name="signpost-commonshttp4" conf="compile, runtime" rev="4.0.1" rev-constraint-default="4.0.1" rev-constraint-dynamic="4.0.1" callerrev="1.2.1.1"/>
				<caller organisation="org.apache.httpcomponents" name="httpclient" conf="compile, runtime" rev="4.1.2" rev-constraint-default="4.1.2" rev-constraint-dynamic="4.1.2" callerrev="4.1.2"/>
				<caller organisation="org.apache.httpcomponents" name="httpclient" conf="compile, runtime" rev="4.0.1" rev-constraint-default="4.0.1" rev-constraint-dynamic="4.0.1" callerrev="4.0.1"/>
				<artifacts>
					<artifact name="httpcore" type="jar" ext="jar" status="no" details="" size="181200" time="0" location="C:\Users\ondra\.ivy2\cache\org.apache.httpcomponents\httpcore\jars\httpcore-4.1.2.jar">
						<origin-location is-local="false" location="http://repo1.maven.org/maven2/org/apache/httpcomponents/httpcore/4.1.2/httpcore-4.1.2.jar"/>
					</artifact>
				</artifacts>
			</revision>
			<revision name="4.0.1" status="release" pubdate="20090621130836" resolver="public" artresolver="public" evicted="latest-revision" evicted-reason="" homepage="http://hc.apache.org/httpcomponents-core/" downloaded="false" searched="false" default="false" conf="compile, master(*), runtime, compile(*), runtime(*), master" position="-1">
				<license name="Apache License" url="http://www.apache.org/licenses/LICENSE-2.0.html"/>
				<metadata-artifact status="no" details="" size="4367" time="0" location="C:\Users\ondra\.ivy2\cache\org.apache.httpcomponents\httpcore\ivy-4.0.1.xml" searched="false" origin-is-local="false" origin-location="http://repo1.maven.org/maven2/org/apache/httpcomponents/httpcore/4.0.1/httpcore-4.0.1.pom"/>
				<evicted-by rev="4.1.2"/>
				<caller organisation="oauth.signpost" name="signpost-commonshttp4" conf="compile, runtime" rev="4.0.1" rev-constraint-default="4.0.1" rev-constraint-dynamic="4.0.1" callerrev="1.2.1.1"/>
				<caller organisation="org.apache.httpcomponents" name="httpclient" conf="compile, runtime" rev="4.0.1" rev-constraint-default="4.0.1" rev-constraint-dynamic="4.0.1" callerrev="4.0.1"/>
				<artifacts>
				</artifacts>
			</revision>
		</module>
		<module organisation="org.clapper" name="scalasti_2.9.1">
			<revision name="0.5.5" status="release" pubdate="20110831194151" resolver="public" artresolver="public" homepage="" downloaded="false" searched="false" default="false" conf="compile, master(*), runtime, compile(*), runtime(*), master" position="55">
				<metadata-artifact status="no" details="" size="2945" time="0" location="C:\Users\ondra\.ivy2\cache\org.clapper\scalasti_2.9.1\ivy-0.5.5.xml" searched="false" origin-is-local="false" origin-location="http://repo1.maven.org/maven2/org/clapper/scalasti_2.9.1/0.5.5/scalasti_2.9.1-0.5.5.pom"/>
				<caller organisation="net.databinder.giter8" name="giter8-lib_2.9.1" conf="compile, runtime" rev="0.5.5" rev-constraint-default="0.5.5" rev-constraint-dynamic="0.5.5" callerrev="0.5.0"/>
				<caller organisation="net.databinder.giter8" name="giter8_2.9.1" conf="compile, runtime" rev="0.5.5" rev-constraint-default="0.5.5" rev-constraint-dynamic="0.5.5" callerrev="0.5.0"/>
				<artifacts>
					<artifact name="scalasti_2.9.1" type="jar" ext="jar" status="no" details="" size="18400" time="0" location="C:\Users\ondra\.ivy2\cache\org.clapper\scalasti_2.9.1\jars\scalasti_2.9.1-0.5.5.jar">
						<origin-location is-local="false" location="http://repo1.maven.org/maven2/org/clapper/scalasti_2.9.1/0.5.5/scalasti_2.9.1-0.5.5.jar"/>
					</artifact>
				</artifacts>
			</revision>
		</module>
		<module organisation="org.antlr" name="stringtemplate">
			<revision name="3.2.1" status="release" pubdate="20090923012529" resolver="public" artresolver="public" homepage="http://www.stringtemplate.org" downloaded="false" searched="false" default="false" conf="compile, master(*), runtime, compile(*), runtime(*), master" position="62">
				<license name="BSD licence" url="http://antlr.org/license.html"/>
				<metadata-artifact status="no" details="" size="3580" time="0" location="C:\Users\ondra\.ivy2\cache\org.antlr\stringtemplate\ivy-3.2.1.xml" searched="false" origin-is-local="false" origin-location="http://repo1.maven.org/maven2/org/antlr/stringtemplate/3.2.1/stringtemplate-3.2.1.pom"/>
				<caller organisation="org.clapper" name="scalasti_2.9.1" conf="compile, runtime" rev="3.2.1" rev-constraint-default="3.2.1" rev-constraint-dynamic="3.2.1" callerrev="0.5.5"/>
				<artifacts>
					<artifact name="stringtemplate" type="jar" ext="jar" status="no" details="" size="148627" time="0" location="C:\Users\ondra\.ivy2\cache\org.antlr\stringtemplate\jars\stringtemplate-3.2.1.jar">
						<origin-location is-local="false" location="http://repo1.maven.org/maven2/org/antlr/stringtemplate/3.2.1/stringtemplate-3.2.1.jar"/>
					</artifact>
				</artifacts>
			</revision>
		</module>
		<module organisation="antlr" name="antlr">
			<revision name="2.7.7" status="release" pubdate="20070113072839" resolver="public" artresolver="public" homepage="http://www.antlr.org/" downloaded="false" searched="false" default="false" conf="compile, master(*), runtime, compile(*), runtime(*), master" position="63">
				<license name="BSD License" url="http://www.antlr.org/license.html"/>
				<metadata-artifact status="no" details="" size="2468" time="0" location="C:\Users\ondra\.ivy2\cache\antlr\antlr\ivy-2.7.7.xml" searched="false" origin-is-local="false" origin-location="http://repo1.maven.org/maven2/antlr/antlr/2.7.7/antlr-2.7.7.pom"/>
				<caller organisation="org.antlr" name="stringtemplate" conf="compile, runtime" rev="2.7.7" rev-constraint-default="2.7.7" rev-constraint-dynamic="2.7.7" callerrev="3.2.1"/>
				<artifacts>
					<artifact name="antlr" type="jar" ext="jar" status="no" details="" size="445288" time="0" location="C:\Users\ondra\.ivy2\cache\antlr\antlr\jars\antlr-2.7.7.jar">
						<origin-location is-local="false" location="http://repo1.maven.org/maven2/antlr/antlr/2.7.7/antlr-2.7.7.jar"/>
					</artifact>
				</artifacts>
			</revision>
		</module>
		<module organisation="org.clapper" name="classutil_2.9.1">
			<revision name="0.4.2" status="release" pubdate="20110831192813" resolver="public" artresolver="public" homepage="" downloaded="false" searched="false" default="false" conf="compile, master(*), runtime, compile(*), runtime(*), master" position="59">
				<metadata-artifact status="no" details="" size="3182" time="0" location="C:\Users\ondra\.ivy2\cache\org.clapper\classutil_2.9.1\ivy-0.4.2.xml" searched="false" origin-is-local="false" origin-location="http://repo1.maven.org/maven2/org/clapper/classutil_2.9.1/0.4.2/classutil_2.9.1-0.4.2.pom"/>
				<caller organisation="org.clapper" name="scalasti_2.9.1" conf="compile, runtime" rev="0.4.2" rev-constraint-default="0.4.2" rev-constraint-dynamic="0.4.2" callerrev="0.5.5"/>
				<artifacts>
					<artifact name="classutil_2.9.1" type="jar" ext="jar" status="no" details="" size="99196" time="0" location="C:\Users\ondra\.ivy2\cache\org.clapper\classutil_2.9.1\jars\classutil_2.9.1-0.4.2.jar">
						<origin-location is-local="false" location="http://repo1.maven.org/maven2/org/clapper/classutil_2.9.1/0.4.2/classutil_2.9.1-0.4.2.jar"/>
					</artifact>
				</artifacts>
			</revision>
		</module>
		<module organisation="org.clapper" name="grizzled-slf4j_2.9.1">
			<revision name="0.6.5" status="release" pubdate="20110831182356" resolver="public" artresolver="public" homepage="" downloaded="false" searched="false" default="false" conf="compile, master(*), runtime, compile(*), runtime(*), master" position="61">
				<metadata-artifact status="no" details="" size="2546" time="0" location="C:\Users\ondra\.ivy2\cache\org.clapper\grizzled-slf4j_2.9.1\ivy-0.6.5.xml" searched="false" origin-is-local="false" origin-location="http://repo1.maven.org/maven2/org/clapper/grizzled-slf4j_2.9.1/0.6.5/grizzled-slf4j_2.9.1-0.6.5.pom"/>
				<caller organisation="org.clapper" name="classutil_2.9.1" conf="compile, runtime" rev="0.6.5" rev-constraint-default="0.6.5" rev-constraint-dynamic="0.6.5" callerrev="0.4.2"/>
				<artifacts>
					<artifact name="grizzled-slf4j_2.9.1" type="jar" ext="jar" status="no" details="" size="6095" time="0" location="C:\Users\ondra\.ivy2\cache\org.clapper\grizzled-slf4j_2.9.1\jars\grizzled-slf4j_2.9.1-0.6.5.jar">
						<origin-location is-local="false" location="http://repo1.maven.org/maven2/org/clapper/grizzled-slf4j_2.9.1/0.6.5/grizzled-slf4j_2.9.1-0.6.5.jar"/>
					</artifact>
				</artifacts>
			</revision>
		</module>
		<module organisation="asm" name="asm-commons">
			<revision name="3.3" status="release" pubdate="20101006150526" resolver="public" artresolver="public" homepage="" downloaded="false" searched="false" default="false" conf="compile, master(*), runtime, compile(*), runtime(*), master" position="60">
				<metadata-artifact status="no" details="" size="3421" time="0" location="C:\Users\ondra\.ivy2\cache\asm\asm-commons\ivy-3.3.xml" searched="false" origin-is-local="false" origin-location="http://repo1.maven.org/maven2/asm/asm-commons/3.3/asm-commons-3.3.pom"/>
				<caller organisation="org.clapper" name="classutil_2.9.1" conf="compile, runtime" rev="3.3" rev-constraint-default="3.3" rev-constraint-dynamic="3.3" callerrev="0.4.2"/>
				<artifacts>
					<artifact name="asm-commons" type="jar" ext="jar" status="no" details="" size="38275" time="0" location="C:\Users\ondra\.ivy2\cache\asm\asm-commons\jars\asm-commons-3.3.jar">
						<origin-location is-local="false" location="http://repo1.maven.org/maven2/asm/asm-commons/3.3/asm-commons-3.3.jar"/>
					</artifact>
				</artifacts>
			</revision>
		</module>
		<module organisation="org.clapper" name="grizzled-scala_2.9.1">
			<revision name="1.0.8" status="release" pubdate="20110831174935" resolver="public" artresolver="public" homepage="" downloaded="false" searched="false" default="false" conf="compile, master(*), runtime, compile(*), runtime(*), master" position="56">
				<metadata-artifact status="no" details="" size="2660" time="0" location="C:\Users\ondra\.ivy2\cache\org.clapper\grizzled-scala_2.9.1\ivy-1.0.8.xml" searched="false" origin-is-local="false" origin-location="http://repo1.maven.org/maven2/org/clapper/grizzled-scala_2.9.1/1.0.8/grizzled-scala_2.9.1-1.0.8.pom"/>
				<caller organisation="org.clapper" name="scalasti_2.9.1" conf="compile, runtime" rev="1.0.8" rev-constraint-default="1.0.8" rev-constraint-dynamic="1.0.8" callerrev="0.5.5"/>
				<caller organisation="org.clapper" name="classutil_2.9.1" conf="compile, runtime" rev="1.0.8" rev-constraint-default="1.0.8" rev-constraint-dynamic="1.0.8" callerrev="0.4.2"/>
				<artifacts>
					<artifact name="grizzled-scala_2.9.1" type="jar" ext="jar" status="no" details="" size="447996" time="0" location="C:\Users\ondra\.ivy2\cache\org.clapper\grizzled-scala_2.9.1\jars\grizzled-scala_2.9.1-1.0.8.jar">
						<origin-location is-local="false" location="http://repo1.maven.org/maven2/org/clapper/grizzled-scala_2.9.1/1.0.8/grizzled-scala_2.9.1-1.0.8.jar"/>
					</artifact>
				</artifacts>
			</revision>
		</module>
		<module organisation="jline" name="jline">
			<revision name="0.9.94" status="release" pubdate="20080222205343" resolver="public" artresolver="public" homepage="http://jline.sourceforge.net" downloaded="false" searched="false" default="false" conf="compile, master(*), runtime, compile(*), runtime(*), master" position="57">
				<license name="BSD" url="LICENSE.txt"/>
				<metadata-artifact status="no" details="" size="2869" time="0" location="C:\Users\ondra\.ivy2\cache\jline\jline\ivy-0.9.94.xml" searched="false" origin-is-local="false" origin-location="http://repo1.maven.org/maven2/jline/jline/0.9.94/jline-0.9.94.pom"/>
				<caller organisation="org.clapper" name="grizzled-scala_2.9.1" conf="compile, runtime" rev="0.9.94" rev-constraint-default="0.9.94" rev-constraint-dynamic="0.9.94" callerrev="1.0.8"/>
				<artifacts>
					<artifact name="jline" type="jar" ext="jar" status="no" details="" size="87325" time="0" location="C:\Users\ondra\.ivy2\cache\jline\jline\jars\jline-0.9.94.jar">
						<origin-location is-local="false" location="http://repo1.maven.org/maven2/jline/jline/0.9.94/jline-0.9.94.jar"/>
					</artifact>
				</artifacts>
			</revision>
		</module>
		<module organisation="play" name="play_2.9.2">
			<revision name="2.1-09142012" status="release" pubdate="20150421181226" resolver="sbt-chain" artresolver="sbt-chain" homepage="" downloaded="false" searched="false" default="false" conf="default(compile), default, compile, runtime, master" position="9">
				<metadata-artifact status="no" details="" size="10119" time="0" location="C:\Users\ondra\.ivy2\cache\play\play_2.9.2\ivy-2.1-09142012.xml" searched="false" origin-is-local="false" origin-location="http://repo.typesafe.com/typesafe/releases/play/play_2.9.2/2.1-09142012/play_2.9.2-2.1-09142012.pom"/>
				<caller organisation="play" name="sbt-plugin" conf="compile" rev="2.1-09142012" rev-constraint-default="2.1-09142012" rev-constraint-dynamic="2.1-09142012" callerrev="2.1-09142012"/>
				<caller organisation="default" name="default-818f35" conf="test, compile, runtime" rev="2.1-09142012" rev-constraint-default="2.1-09142012" rev-constraint-dynamic="2.1-09142012" callerrev="0.1-SNAPSHOT"/>
				<artifacts>
					<artifact name="play_2.9.2" type="jar" ext="jar" status="no" details="" size="5524088" time="0" location="C:\Users\ondra\.ivy2\cache\play\play_2.9.2\jars\play_2.9.2-2.1-09142012.jar">
						<origin-location is-local="false" location="http://repo.typesafe.com/typesafe/releases/play/play_2.9.2/2.1-09142012/play_2.9.2-2.1-09142012.jar"/>
					</artifact>
				</artifacts>
			</revision>
		</module>
		<module organisation="net.sf.ehcache" name="ehcache-core">
			<revision name="2.5.0" status="release" pubdate="20111114205526" resolver="public" artresolver="public" homepage="http://ehcache.org" downloaded="false" searched="false" default="false" conf="compile, master(*), runtime, compile(*), runtime(*), master" position="51">
				<license name="The Apache Software License, Version 2.0" url="src/assemble/EHCACHE-CORE-LICENSE.txt"/>
				<metadata-artifact status="no" details="" size="15001" time="0" location="C:\Users\ondra\.ivy2\cache\net.sf.ehcache\ehcache-core\ivy-2.5.0.xml" searched="false" origin-is-local="false" origin-location="http://repo1.maven.org/maven2/net/sf/ehcache/ehcache-core/2.5.0/ehcache-core-2.5.0.pom"/>
				<caller organisation="play" name="play_2.9.2" conf="default, compile, runtime, master" rev="2.5.0" rev-constraint-default="2.5.0" rev-constraint-dynamic="2.5.0" callerrev="2.1-09142012"/>
				<artifacts>
					<artifact name="ehcache-core" type="jar" ext="jar" status="no" details="" size="1209286" time="0" location="C:\Users\ondra\.ivy2\cache\net.sf.ehcache\ehcache-core\jars\ehcache-core-2.5.0.jar">
						<origin-location is-local="false" location="http://repo1.maven.org/maven2/net/sf/ehcache/ehcache-core/2.5.0/ehcache-core-2.5.0.jar"/>
					</artifact>
				</artifacts>
			</revision>
		</module>
		<module organisation="tyrex" name="tyrex">
			<revision name="1.0.1" status="release" pubdate="20051108232044" resolver="public" artresolver="public" homepage="" downloaded="false" searched="false" default="false" conf="compile, master(*), runtime, compile(*), runtime(*), master" position="50">
				<metadata-artifact status="no" details="" size="2202" time="0" location="C:\Users\ondra\.ivy2\cache\tyrex\tyrex\ivy-1.0.1.xml" searched="false" origin-is-local="false" origin-location="http://repo1.maven.org/maven2/tyrex/tyrex/1.0.1/tyrex-1.0.1.pom"/>
				<caller organisation="play" name="play_2.9.2" conf="default, compile, runtime, master" rev="1.0.1" rev-constraint-default="1.0.1" rev-constraint-dynamic="1.0.1" callerrev="2.1-09142012"/>
				<artifacts>
					<artifact name="tyrex" type="jar" ext="jar" status="no" details="" size="201315" time="0" location="C:\Users\ondra\.ivy2\cache\tyrex\tyrex\jars\tyrex-1.0.1.jar">
						<origin-location is-local="false" location="http://repo1.maven.org/maven2/tyrex/tyrex/1.0.1/tyrex-1.0.1.jar"/>
					</artifact>
				</artifacts>
			</revision>
		</module>
		<module organisation="javax.servlet" name="javax.servlet-api">
			<revision name="3.0.1" status="release" pubdate="20110712214053" resolver="public" artresolver="public" homepage="http://servlet-spec.java.net" downloaded="false" searched="false" default="false" conf="compile, master(*), runtime, compile(*), runtime(*), master" position="48">
				<license name="CDDL + GPLv2 with classpath exception" url="https://glassfish.dev.java.net/nonav/public/CDDL+GPL.html"/>
				<metadata-artifact status="no" details="" size="3713" time="0" location="C:\Users\ondra\.ivy2\cache\javax.servlet\javax.servlet-api\ivy-3.0.1.xml" searched="false" origin-is-local="false" origin-location="http://repo1.maven.org/maven2/javax/servlet/javax.servlet-api/3.0.1/javax.servlet-api-3.0.1.pom"/>
				<caller organisation="play" name="play_2.9.2" conf="default, compile, runtime, master" rev="3.0.1" rev-constraint-default="3.0.1" rev-constraint-dynamic="3.0.1" callerrev="2.1-09142012"/>
				<artifacts>
					<artifact name="javax.servlet-api" type="jar" ext="jar" status="no" details="" size="85353" time="0" location="C:\Users\ondra\.ivy2\cache\javax.servlet\javax.servlet-api\jars\javax.servlet-api-3.0.1.jar">
						<origin-location is-local="false" location="http://repo1.maven.org/maven2/javax/servlet/javax.servlet-api/3.0.1/javax.servlet-api-3.0.1.jar"/>
					</artifact>
				</artifacts>
			</revision>
		</module>
		<module organisation="org.reflections" name="reflections">
			<revision name="0.9.7" status="release" pubdate="20120521194453" resolver="public" artresolver="public" homepage="http://code.google.com/p/reflections/" downloaded="false" searched="false" default="false" conf="compile, master(*), runtime, compile(*), runtime(*), master" position="46">
				<metadata-artifact status="no" details="" size="3854" time="0" location="C:\Users\ondra\.ivy2\cache\org.reflections\reflections\ivy-0.9.7.xml" searched="false" origin-is-local="false" origin-location="http://repo1.maven.org/maven2/org/reflections/reflections/0.9.7/reflections-0.9.7.pom"/>
				<caller organisation="play" name="play_2.9.2" conf="default, compile, runtime, master" rev="0.9.7" rev-constraint-default="0.9.7" rev-constraint-dynamic="0.9.7" callerrev="2.1-09142012"/>
				<artifacts>
					<artifact name="reflections" type="jar" ext="jar" status="no" details="" size="104309" time="0" location="C:\Users\ondra\.ivy2\cache\org.reflections\reflections\jars\reflections-0.9.7.jar">
						<origin-location is-local="false" location="http://repo1.maven.org/maven2/org/reflections/reflections/0.9.7/reflections-0.9.7.jar"/>
					</artifact>
				</artifacts>
			</revision>
		</module>
		<module organisation="javassist" name="javassist">
			<revision name="3.12.1.GA" status="release" pubdate="20101123082130" resolver="public" artresolver="public" homepage="http://www.javassist.org/" downloaded="false" searched="false" default="false" conf="default(compile), default, compile, runtime, master" position="78">
				<license name="MPL 1.1" url="http://www.mozilla.org/MPL/MPL-1.1.html"/>
				<license name="LGPL 2.1" url="http://www.gnu.org/licenses/lgpl-2.1.html"/>
				<metadata-artifact status="no" details="" size="2866" time="0" location="C:\Users\ondra\.ivy2\cache\javassist\javassist\ivy-3.12.1.GA.xml" searched="false" origin-is-local="false" origin-location="http://repo1.maven.org/maven2/javassist/javassist/3.12.1.GA/javassist-3.12.1.GA.pom"/>
				<caller organisation="play" name="sbt-plugin" conf="compile" rev="3.12.1.GA" rev-constraint-default="3.12.1.GA" rev-constraint-dynamic="3.12.1.GA" callerrev="2.1-09142012"/>
				<artifacts>
					<artifact name="javassist" type="jar" ext="jar" status="no" details="" size="644148" time="0" location="C:\Users\ondra\.ivy2\cache\javassist\javassist\jars\javassist-3.12.1.GA.jar">
						<origin-location is-local="false" location="http://repo1.maven.org/maven2/javassist/javassist/3.12.1.GA/javassist-3.12.1.GA.jar"/>
					</artifact>
				</artifacts>
			</revision>
		</module>
		<module organisation="com.codahale" name="jerkson_2.9.1">
			<revision name="0.5.0" status="release" pubdate="20150428215626" resolver="sbt-chain" artresolver="sbt-chain" homepage="" downloaded="false" searched="false" default="false" conf="compile, master(*), runtime, compile(*), runtime(*), master" position="43">
				<license name="The MIT License" url="http://codahale.com/mit.txt"/>
				<metadata-artifact status="no" details="" size="3365" time="0" location="C:\Users\ondra\.ivy2\cache\com.codahale\jerkson_2.9.1\ivy-0.5.0.xml" searched="false" origin-is-local="false" origin-location="http://repo.typesafe.com/typesafe/releases/com/codahale/jerkson_2.9.1/0.5.0/jerkson_2.9.1-0.5.0.pom"/>
				<caller organisation="play" name="play_2.9.2" conf="default, compile, runtime, master" rev="0.5.0" rev-constraint-default="0.5.0" rev-constraint-dynamic="0.5.0" callerrev="2.1-09142012"/>
				<artifacts>
					<artifact name="jerkson_2.9.1" type="jar" ext="jar" status="no" details="" size="741139" time="0" location="C:\Users\ondra\.ivy2\cache\com.codahale\jerkson_2.9.1\jars\jerkson_2.9.1-0.5.0.jar">
						<origin-location is-local="false" location="http://repo.typesafe.com/typesafe/releases/com/codahale/jerkson_2.9.1/0.5.0/jerkson_2.9.1-0.5.0.jar"/>
					</artifact>
				</artifacts>
			</revision>
		</module>
		<module organisation="org.codehaus.jackson" name="jackson-mapper-asl">
			<revision name="1.9.13" status="release" pubdate="20130715050750" resolver="public" artresolver="public" homepage="http://jackson.codehaus.org" downloaded="false" searched="true" default="false" conf="compile, master(*), runtime, compile(*), runtime(*), master" position="45">
				<license name="The Apache Software License, Version 2.0" url="http://www.apache.org/licenses/LICENSE-2.0.txt"/>
				<metadata-artifact status="no" details="" size="2687" time="0" location="C:\Users\ondra\.ivy2\cache\org.codehaus.jackson\jackson-mapper-asl\ivy-1.9.13.xml" searched="true" origin-is-local="false" origin-location="http://repo1.maven.org/maven2/org/codehaus/jackson/jackson-mapper-asl/1.9.13/jackson-mapper-asl-1.9.13.pom"/>
				<caller organisation="com.codahale" name="jerkson_2.9.1" conf="compile, runtime" rev="[1.9.0,2.0.0)" rev-constraint-default="[1.9.0,2.0.0)" rev-constraint-dynamic="[1.9.0,2.0.0)" callerrev="0.5.0"/>
				<artifacts>
					<artifact name="jackson-mapper-asl" type="jar" ext="jar" status="no" details="" size="780664" time="0" location="C:\Users\ondra\.ivy2\cache\org.codehaus.jackson\jackson-mapper-asl\jars\jackson-mapper-asl-1.9.13.jar">
						<origin-location is-local="false" location="http://repo1.maven.org/maven2/org/codehaus/jackson/jackson-mapper-asl/1.9.13/jackson-mapper-asl-1.9.13.jar"/>
					</artifact>
				</artifacts>
			</revision>
		</module>
		<module organisation="org.codehaus.jackson" name="jackson-core-asl">
			<revision name="1.9.13" status="release" pubdate="20130715050730" resolver="public" artresolver="public" homepage="http://jackson.codehaus.org" downloaded="false" searched="true" default="false" conf="compile, master(*), runtime, compile(*), runtime(*), master" position="44">
				<license name="The Apache Software License, Version 2.0" url="http://www.apache.org/licenses/LICENSE-2.0.txt"/>
				<metadata-artifact status="no" details="" size="2467" time="0" location="C:\Users\ondra\.ivy2\cache\org.codehaus.jackson\jackson-core-asl\ivy-1.9.13.xml" searched="true" origin-is-local="false" origin-location="http://repo1.maven.org/maven2/org/codehaus/jackson/jackson-core-asl/1.9.13/jackson-core-asl-1.9.13.pom"/>
				<caller organisation="org.codehaus.jackson" name="jackson-mapper-asl" conf="compile, runtime" rev="1.9.13" rev-constraint-default="1.9.13" rev-constraint-dynamic="1.9.13" callerrev="1.9.13"/>
				<caller organisation="com.codahale" name="jerkson_2.9.1" conf="compile, runtime" rev="[1.9.0,2.0.0)" rev-constraint-default="[1.9.0,2.0.0)" rev-constraint-dynamic="[1.9.0,2.0.0)" callerrev="0.5.0"/>
				<artifacts>
					<artifact name="jackson-core-asl" type="jar" ext="jar" status="no" details="" size="232248" time="0" location="C:\Users\ondra\.ivy2\cache\org.codehaus.jackson\jackson-core-asl\jars\jackson-core-asl-1.9.13.jar">
						<origin-location is-local="false" location="http://repo1.maven.org/maven2/org/codehaus/jackson/jackson-core-asl/1.9.13/jackson-core-asl-1.9.13.jar"/>
					</artifact>
				</artifacts>
			</revision>
		</module>
		<module organisation="oauth.signpost" name="signpost-commonshttp4">
			<revision name="1.2.1.1" status="release" pubdate="20100321111512" resolver="public" artresolver="public" homepage="" downloaded="false" searched="false" default="false" conf="compile, master(*), runtime, compile(*), runtime(*), master" position="41">
				<metadata-artifact status="no" details="" size="3718" time="0" location="C:\Users\ondra\.ivy2\cache\oauth.signpost\signpost-commonshttp4\ivy-1.2.1.1.xml" searched="false" origin-is-local="false" origin-location="http://repo1.maven.org/maven2/oauth/signpost/signpost-commonshttp4/1.2.1.1/signpost-commonshttp4-1.2.1.1.pom"/>
				<caller organisation="play" name="play_2.9.2" conf="default, compile, runtime, master" rev="1.2.1.1" rev-constraint-default="1.2.1.1" rev-constraint-dynamic="1.2.1.1" callerrev="2.1-09142012"/>
				<artifacts>
					<artifact name="signpost-commonshttp4" type="jar" ext="jar" status="no" details="" size="6455" time="0" location="C:\Users\ondra\.ivy2\cache\oauth.signpost\signpost-commonshttp4\jars\signpost-commonshttp4-1.2.1.1.jar">
						<origin-location is-local="false" location="http://repo1.maven.org/maven2/oauth/signpost/signpost-commonshttp4/1.2.1.1/signpost-commonshttp4-1.2.1.1.jar"/>
					</artifact>
				</artifacts>
			</revision>
		</module>
		<module organisation="oauth.signpost" name="signpost-core">
			<revision name="1.2.1.1" status="release" pubdate="20100321111454" resolver="public" artresolver="public" homepage="" downloaded="false" searched="false" default="false" conf="compile, master(*), runtime, compile(*), runtime(*), master" position="40">
				<metadata-artifact status="no" details="" size="3139" time="0" location="C:\Users\ondra\.ivy2\cache\oauth.signpost\signpost-core\ivy-1.2.1.1.xml" searched="false" origin-is-local="false" origin-location="http://repo1.maven.org/maven2/oauth/signpost/signpost-core/1.2.1.1/signpost-core-1.2.1.1.pom"/>
				<caller organisation="play" name="play_2.9.2" conf="default, compile, runtime, master" rev="1.2.1.1" rev-constraint-default="1.2.1.1" rev-constraint-dynamic="1.2.1.1" callerrev="2.1-09142012"/>
				<caller organisation="oauth.signpost" name="signpost-commonshttp4" conf="compile, runtime" rev="1.2.1.1" rev-constraint-default="1.2.1.1" rev-constraint-dynamic="1.2.1.1" callerrev="1.2.1.1"/>
				<artifacts>
					<artifact name="signpost-core" type="jar" ext="jar" status="no" details="" size="44557" time="0" location="C:\Users\ondra\.ivy2\cache\oauth.signpost\signpost-core\jars\signpost-core-1.2.1.1.jar">
						<origin-location is-local="false" location="http://repo1.maven.org/maven2/oauth/signpost/signpost-core/1.2.1.1/signpost-core-1.2.1.1.jar"/>
					</artifact>
				</artifacts>
			</revision>
		</module>
		<module organisation="com.ning" name="async-http-client">
			<revision name="1.7.6" status="release" pubdate="20120828002241" resolver="public" artresolver="public" homepage="http://github.com/sonatype/async-http-client" downloaded="false" searched="false" default="false" conf="compile, master(*), runtime, compile(*), runtime(*), master" position="39">
				<license name="Apache License 2.0" url="http://www.apache.org/licenses/LICENSE-2.0.html"/>
				<metadata-artifact status="no" details="" size="7205" time="0" location="C:\Users\ondra\.ivy2\cache\com.ning\async-http-client\ivy-1.7.6.xml" searched="false" origin-is-local="false" origin-location="http://repo1.maven.org/maven2/com/ning/async-http-client/1.7.6/async-http-client-1.7.6.pom"/>
				<caller organisation="play" name="play_2.9.2" conf="default, compile, runtime, master" rev="1.7.6" rev-constraint-default="1.7.6" rev-constraint-dynamic="1.7.6" callerrev="2.1-09142012"/>
				<artifacts>
					<artifact name="async-http-client" type="jar" ext="jar" status="no" details="" size="477054" time="0" location="C:\Users\ondra\.ivy2\cache\com.ning\async-http-client\jars\async-http-client-1.7.6.jar">
						<origin-location is-local="false" location="http://repo1.maven.org/maven2/com/ning/async-http-client/1.7.6/async-http-client-1.7.6.jar"/>
					</artifact>
				</artifacts>
			</revision>
		</module>
		<module organisation="commons-io" name="commons-io">
			<revision name="2.0.1" status="release" pubdate="20101226181931" resolver="public" artresolver="public" homepage="http://commons.apache.org/io/" downloaded="false" searched="false" default="false" conf="default(compile), default, compile, runtime, master" position="91">
				<metadata-artifact status="no" details="" size="6299" time="0" location="C:\Users\ondra\.ivy2\cache\commons-io\commons-io\ivy-2.0.1.xml" searched="false" origin-is-local="false" origin-location="http://repo1.maven.org/maven2/commons-io/commons-io/2.0.1/commons-io-2.0.1.pom"/>
				<caller organisation="com.github.mpeltonen" name="sbt-idea" conf="compile" rev="2.0.1" rev-constraint-default="2.0.1" rev-constraint-dynamic="2.0.1" callerrev="1.1.0-TYPESAFE"/>
				<artifacts>
					<artifact name="commons-io" type="jar" ext="jar" status="no" details="" size="159509" time="0" location="C:\Users\ondra\.ivy2\cache\commons-io\commons-io\jars\commons-io-2.0.1.jar">
						<origin-location is-local="false" location="http://repo1.maven.org/maven2/commons-io/commons-io/2.0.1/commons-io-2.0.1.jar"/>
					</artifact>
				</artifacts>
			</revision>
		</module>
		<module organisation="org.apache.ws.commons" name="ws-commons-util">
			<revision name="1.0.1" status="release" pubdate="20060619231036" resolver="public" artresolver="public" homepage="http://ws.apache.org/commons/util" downloaded="false" searched="false" default="false" conf="compile, master(*), runtime, compile(*), runtime(*), master" position="37">
				<license name="The Apache Software License, Version 2.0" url="http://www.apache.org/licenses/LICENSE-2.0.txt"/>
				<metadata-artifact status="no" details="" size="3146" time="0" location="C:\Users\ondra\.ivy2\cache\org.apache.ws.commons\ws-commons-util\ivy-1.0.1.xml" searched="false" origin-is-local="false" origin-location="http://repo1.maven.org/maven2/org/apache/ws/commons/ws-commons-util/1.0.1/ws-commons-util-1.0.1.pom"/>
				<caller organisation="play" name="play_2.9.2" conf="default, compile, runtime, master" rev="1.0.1" rev-constraint-default="1.0.1" rev-constraint-dynamic="1.0.1" callerrev="2.1-09142012"/>
				<artifacts>
					<artifact name="ws-commons-util" type="jar" ext="jar" status="no" details="" size="34840" time="0" location="C:\Users\ondra\.ivy2\cache\org.apache.ws.commons\ws-commons-util\jars\ws-commons-util-1.0.1.jar">
						<origin-location is-local="false" location="http://repo1.maven.org/maven2/org/apache/ws/commons/ws-commons-util/1.0.1/ws-commons-util-1.0.1.jar"/>
					</artifact>
				</artifacts>
			</revision>
		</module>
		<module organisation="org.apache.commons" name="commons-lang3">
			<revision name="3.1" status="release" pubdate="20111115082705" resolver="public" artresolver="public" homepage="http://commons.apache.org/lang/" downloaded="false" searched="false" default="false" conf="compile, master(*), runtime, compile(*), runtime(*), master" position="36">
				<metadata-artifact status="no" details="" size="7847" time="0" location="C:\Users\ondra\.ivy2\cache\org.apache.commons\commons-lang3\ivy-3.1.xml" searched="false" origin-is-local="false" origin-location="http://repo1.maven.org/maven2/org/apache/commons/commons-lang3/3.1/commons-lang3-3.1.pom"/>
				<caller organisation="play" name="play_2.9.2" conf="default, compile, runtime, master" rev="3.1" rev-constraint-default="3.1" rev-constraint-dynamic="3.1" callerrev="2.1-09142012"/>
				<artifacts>
					<artifact name="commons-lang3" type="jar" ext="jar" status="no" details="" size="315805" time="0" location="C:\Users\ondra\.ivy2\cache\org.apache.commons\commons-lang3\jars\commons-lang3-3.1.jar">
						<origin-location is-local="false" location="http://repo1.maven.org/maven2/org/apache/commons/commons-lang3/3.1/commons-lang3-3.1.jar"/>
					</artifact>
				</artifacts>
			</revision>
		</module>
		<module organisation="org.javassist" name="javassist">
			<revision name="3.16.1-GA" status="release" pubdate="20120306163712" resolver="public" artresolver="public" homepage="http://www.javassist.org/" downloaded="false" searched="false" default="false" conf="compile, master(*), runtime, compile(*), runtime(*), master" position="35">
				<license name="MPL 1.1" url="http://www.mozilla.org/MPL/MPL-1.1.html"/>
				<license name="LGPL 2.1" url="http://www.gnu.org/licenses/lgpl-2.1.html"/>
				<license name="Apache License 2.0" url="http://www.apache.org/licenses/"/>
				<metadata-artifact status="no" details="" size="3099" time="0" location="C:\Users\ondra\.ivy2\cache\org.javassist\javassist\ivy-3.16.1-GA.xml" searched="false" origin-is-local="false" origin-location="http://repo1.maven.org/maven2/org/javassist/javassist/3.16.1-GA/javassist-3.16.1-GA.pom"/>
				<caller organisation="play" name="play_2.9.2" conf="default, compile, runtime, master" rev="3.16.1-GA" rev-constraint-default="3.16.1-GA" rev-constraint-dynamic="3.16.1-GA" callerrev="2.1-09142012"/>
				<artifacts>
					<artifact name="javassist" type="jar" ext="jar" status="no" details="" size="659343" time="0" location="C:\Users\ondra\.ivy2\cache\org.javassist\javassist\jars\javassist-3.16.1-GA.jar">
						<origin-location is-local="false" location="http://repo1.maven.org/maven2/org/javassist/javassist/3.16.1-GA/javassist-3.16.1-GA.jar"/>
					</artifact>
				</artifacts>
			</revision>
		</module>
		<module organisation="joda-time" name="joda-time">
			<revision name="2.1" status="release" pubdate="20120222172242" resolver="public" artresolver="public" homepage="http://joda-time.sourceforge.net" downloaded="false" searched="false" default="false" conf="compile, master(*), runtime, compile(*), runtime(*), master" position="33">
				<license name="Apache 2" url="http://www.apache.org/licenses/LICENSE-2.0.txt"/>
				<metadata-artifact status="no" details="" size="3332" time="0" location="C:\Users\ondra\.ivy2\cache\joda-time\joda-time\ivy-2.1.xml" searched="false" origin-is-local="false" origin-location="http://repo1.maven.org/maven2/joda-time/joda-time/2.1/joda-time-2.1.pom"/>
				<caller organisation="play" name="play_2.9.2" conf="default, compile, runtime, master" rev="2.1" rev-constraint-default="2.1" rev-constraint-dynamic="2.1" callerrev="2.1-09142012"/>
				<artifacts>
					<artifact name="joda-time" type="jar" ext="jar" status="no" details="" size="570478" time="0" location="C:\Users\ondra\.ivy2\cache\joda-time\joda-time\jars\joda-time-2.1.jar">
						<origin-location is-local="false" location="http://repo1.maven.org/maven2/joda-time/joda-time/2.1/joda-time-2.1.jar"/>
					</artifact>
				</artifacts>
			</revision>
		</module>
		<module organisation="org.joda" name="joda-convert">
			<revision name="1.2" status="release" pubdate="20111027215117" resolver="public" artresolver="public" homepage="http://joda-convert.sourceforge.net" downloaded="false" searched="false" default="false" conf="compile, master(*), runtime, compile(*), runtime(*), master" position="34">
				<license name="Apache 2" url="http://www.apache.org/licenses/LICENSE-2.0.txt"/>
				<metadata-artifact status="no" details="" size="3148" time="0" location="C:\Users\ondra\.ivy2\cache\org.joda\joda-convert\ivy-1.2.xml" searched="false" origin-is-local="false" origin-location="http://repo1.maven.org/maven2/org/joda/joda-convert/1.2/joda-convert-1.2.pom"/>
				<caller organisation="play" name="play_2.9.2" conf="default, compile, runtime, master" rev="1.2" rev-constraint-default="1.2" rev-constraint-dynamic="1.2" callerrev="2.1-09142012"/>
				<artifacts>
					<artifact name="joda-convert" type="jar" ext="jar" status="no" details="" size="38460" time="0" location="C:\Users\ondra\.ivy2\cache\org.joda\joda-convert\jars\joda-convert-1.2.jar">
						<origin-location is-local="false" location="http://repo1.maven.org/maven2/org/joda/joda-convert/1.2/joda-convert-1.2.jar"/>
					</artifact>
				</artifacts>
			</revision>
		</module>
		<module organisation="org.springframework" name="spring-context">
			<revision name="3.0.7.RELEASE" status="release" pubdate="20111224004027" resolver="public" artresolver="public" homepage="" downloaded="false" searched="false" default="false" conf="compile, master(*), runtime, compile(*), runtime(*), master" position="30">
				<metadata-artifact status="no" details="" size="10100" time="0" location="C:\Users\ondra\.ivy2\cache\org.springframework\spring-context\ivy-3.0.7.RELEASE.xml" searched="false" origin-is-local="false" origin-location="http://repo1.maven.org/maven2/org/springframework/spring-context/3.0.7.RELEASE/spring-context-3.0.7.RELEASE.pom"/>
				<caller organisation="play" name="play_2.9.2" conf="default, compile, runtime, master" rev="3.0.7.RELEASE" rev-constraint-default="3.0.7.RELEASE" rev-constraint-dynamic="3.0.7.RELEASE" callerrev="2.1-09142012"/>
				<artifacts>
					<artifact name="spring-context" type="jar" ext="jar" status="no" details="" size="670388" time="0" location="C:\Users\ondra\.ivy2\cache\org.springframework\spring-context\jars\spring-context-3.0.7.RELEASE.jar">
						<origin-location is-local="false" location="http://repo1.maven.org/maven2/org/springframework/spring-context/3.0.7.RELEASE/spring-context-3.0.7.RELEASE.jar"/>
					</artifact>
				</artifacts>
			</revision>
		</module>
		<module organisation="org.springframework" name="spring-beans">
			<revision name="3.0.7.RELEASE" status="release" pubdate="20111224004028" resolver="public" artresolver="public" homepage="" downloaded="false" searched="false" default="false" conf="compile, master(*), runtime, compile(*), runtime(*), master" position="32">
				<metadata-artifact status="no" details="" size="6586" time="0" location="C:\Users\ondra\.ivy2\cache\org.springframework\spring-beans\ivy-3.0.7.RELEASE.xml" searched="false" origin-is-local="false" origin-location="http://repo1.maven.org/maven2/org/springframework/spring-beans/3.0.7.RELEASE/spring-beans-3.0.7.RELEASE.pom"/>
				<caller organisation="play" name="play_2.9.2" conf="default, compile, runtime, master" rev="3.0.7.RELEASE" rev-constraint-default="3.0.7.RELEASE" rev-constraint-dynamic="3.0.7.RELEASE" callerrev="2.1-09142012"/>
				<artifacts>
					<artifact name="spring-beans" type="jar" ext="jar" status="no" details="" size="556747" time="0" location="C:\Users\ondra\.ivy2\cache\org.springframework\spring-beans\jars\spring-beans-3.0.7.RELEASE.jar">
						<origin-location is-local="false" location="http://repo1.maven.org/maven2/org/springframework/spring-beans/3.0.7.RELEASE/spring-beans-3.0.7.RELEASE.jar"/>
					</artifact>
				</artifacts>
			</revision>
		</module>
		<module organisation="org.springframework" name="spring-core">
			<revision name="3.0.7.RELEASE" status="release" pubdate="20111224004024" resolver="public" artresolver="public" homepage="" downloaded="false" searched="false" default="false" conf="compile, master(*), runtime, compile(*), runtime(*), master" position="31">
				<metadata-artifact status="no" details="" size="6940" time="0" location="C:\Users\ondra\.ivy2\cache\org.springframework\spring-core\ivy-3.0.7.RELEASE.xml" searched="false" origin-is-local="false" origin-location="http://repo1.maven.org/maven2/org/springframework/spring-core/3.0.7.RELEASE/spring-core-3.0.7.RELEASE.pom"/>
				<caller organisation="play" name="play_2.9.2" conf="default, compile, runtime, master" rev="3.0.7.RELEASE" rev-constraint-default="3.0.7.RELEASE" rev-constraint-dynamic="3.0.7.RELEASE" callerrev="2.1-09142012"/>
				<artifacts>
					<artifact name="spring-core" type="jar" ext="jar" status="no" details="" size="383621" time="0" location="C:\Users\ondra\.ivy2\cache\org.springframework\spring-core\jars\spring-core-3.0.7.RELEASE.jar">
						<origin-location is-local="false" location="http://repo1.maven.org/maven2/org/springframework/spring-core/3.0.7.RELEASE/spring-core-3.0.7.RELEASE.jar"/>
					</artifact>
				</artifacts>
			</revision>
		</module>
		<module organisation="org.hibernate" name="hibernate-validator">
			<revision name="4.2.0.Final" status="release" pubdate="20110620130332" resolver="public" artresolver="public" homepage="" downloaded="false" searched="false" default="false" conf="compile, master(*), runtime, compile(*), runtime(*), master" position="28">
				<metadata-artifact status="no" details="" size="11053" time="0" location="C:\Users\ondra\.ivy2\cache\org.hibernate\hibernate-validator\ivy-4.2.0.Final.xml" searched="false" origin-is-local="false" origin-location="http://repo1.maven.org/maven2/org/hibernate/hibernate-validator/4.2.0.Final/hibernate-validator-4.2.0.Final.pom"/>
				<caller organisation="play" name="play_2.9.2" conf="default, compile, runtime, master" rev="4.2.0.Final" rev-constraint-default="4.2.0.Final" rev-constraint-dynamic="4.2.0.Final" callerrev="2.1-09142012"/>
				<artifacts>
					<artifact name="hibernate-validator" type="jar" ext="jar" status="no" details="" size="366592" time="0" location="C:\Users\ondra\.ivy2\cache\org.hibernate\hibernate-validator\jars\hibernate-validator-4.2.0.Final.jar">
						<origin-location is-local="false" location="http://repo1.maven.org/maven2/org/hibernate/hibernate-validator/4.2.0.Final/hibernate-validator-4.2.0.Final.jar"/>
					</artifact>
				</artifacts>
			</revision>
		</module>
		<module organisation="javax.validation" name="validation-api">
			<revision name="1.0.0.GA" status="release" pubdate="20100225064311" resolver="public" artresolver="public" homepage="" downloaded="false" searched="false" default="false" conf="compile, master(*), runtime, compile(*), runtime(*), master" position="29">
				<license name="Apache License, Version 2.0" url="license.txt"/>
				<metadata-artifact status="no" details="" size="2352" time="0" location="C:\Users\ondra\.ivy2\cache\javax.validation\validation-api\ivy-1.0.0.GA.xml" searched="false" origin-is-local="false" origin-location="http://repo1.maven.org/maven2/javax/validation/validation-api/1.0.0.GA/validation-api-1.0.0.GA.pom"/>
				<caller organisation="org.hibernate" name="hibernate-validator" conf="compile, runtime" rev="1.0.0.GA" rev-constraint-default="1.0.0.GA" rev-constraint-dynamic="1.0.0.GA" callerrev="4.2.0.Final"/>
				<artifacts>
					<artifact name="validation-api" type="jar" ext="jar" status="no" details="" size="47433" time="0" location="C:\Users\ondra\.ivy2\cache\javax.validation\validation-api\jars\validation-api-1.0.0.GA.jar">
						<origin-location is-local="false" location="http://repo1.maven.org/maven2/javax/validation/validation-api/1.0.0.GA/validation-api-1.0.0.GA.jar"/>
					</artifact>
				</artifacts>
			</revision>
		</module>
		<module organisation="org.yaml" name="snakeyaml">
			<revision name="1.9" status="release" pubdate="20110815100639" resolver="public" artresolver="public" homepage="http://www.snakeyaml.org" downloaded="false" searched="false" default="false" conf="compile, master(*), runtime, compile(*), runtime(*), master" position="27">
				<license name="Apache License Version 2.0" url="LICENSE.txt"/>
				<metadata-artifact status="no" details="" size="3444" time="0" location="C:\Users\ondra\.ivy2\cache\org.yaml\snakeyaml\ivy-1.9.xml" searched="false" origin-is-local="false" origin-location="http://repo1.maven.org/maven2/org/yaml/snakeyaml/1.9/snakeyaml-1.9.pom"/>
				<caller organisation="play" name="play_2.9.2" conf="default, compile, runtime, master" rev="1.9" rev-constraint-default="1.9" rev-constraint-dynamic="1.9" callerrev="2.1-09142012"/>
				<artifacts>
					<artifact name="snakeyaml" type="bundle" ext="jar" status="no" details="" size="265825" time="0" location="C:\Users\ondra\.ivy2\cache\org.yaml\snakeyaml\bundles\snakeyaml-1.9.jar">
						<origin-location is-local="false" location="http://repo1.maven.org/maven2/org/yaml/snakeyaml/1.9/snakeyaml-1.9.jar"/>
					</artifact>
				</artifacts>
			</revision>
		</module>
		<module organisation="com.jolbox" name="bonecp">
			<revision name="0.7.1.RELEASE" status="release" pubdate="20110405140240" resolver="public" artresolver="public" homepage="" downloaded="false" searched="false" default="false" conf="compile, master(*), runtime, compile(*), runtime(*), master" position="26">
				<metadata-artifact status="no" details="" size="8825" time="0" location="C:\Users\ondra\.ivy2\cache\com.jolbox\bonecp\ivy-0.7.1.RELEASE.xml" searched="false" origin-is-local="false" origin-location="http://repo1.maven.org/maven2/com/jolbox/bonecp/0.7.1.RELEASE/bonecp-0.7.1.RELEASE.pom"/>
				<caller organisation="play" name="play_2.9.2" conf="default, compile, runtime, master" rev="0.7.1.RELEASE" rev-constraint-default="0.7.1.RELEASE" rev-constraint-dynamic="0.7.1.RELEASE" callerrev="2.1-09142012"/>
				<artifacts>
					<artifact name="bonecp" type="bundle" ext="jar" status="no" details="" size="115709" time="0" location="C:\Users\ondra\.ivy2\cache\com.jolbox\bonecp\bundles\bonecp-0.7.1.RELEASE.jar">
						<origin-location is-local="false" location="http://repo1.maven.org/maven2/com/jolbox/bonecp/0.7.1.RELEASE/bonecp-0.7.1.RELEASE.jar"/>
					</artifact>
				</artifacts>
			</revision>
		</module>
		<module organisation="org.scala-tools" name="scala-stm_2.9.2">
			<revision name="0.5" status="release" pubdate="20120424051748" resolver="public" artresolver="public" homepage="http://nbronson.github.com/scala-stm/" downloaded="false" searched="false" default="false" conf="compile, master(*), runtime, compile(*), runtime(*), master" position="25">
				<license name="BSD" url="https://github.com/nbronson/scala-stm/blob/master/LICENSE.txt"/>
				<metadata-artifact status="no" details="" size="2665" time="0" location="C:\Users\ondra\.ivy2\cache\org.scala-tools\scala-stm_2.9.2\ivy-0.5.xml" searched="false" origin-is-local="false" origin-location="http://repo1.maven.org/maven2/org/scala-tools/scala-stm_2.9.2/0.5/scala-stm_2.9.2-0.5.pom"/>
				<caller organisation="play" name="play_2.9.2" conf="default, compile, runtime, master" rev="0.5" rev-constraint-default="0.5" rev-constraint-dynamic="0.5" callerrev="2.1-09142012"/>
				<artifacts>
					<artifact name="scala-stm_2.9.2" type="jar" ext="jar" status="no" details="" size="601829" time="0" location="C:\Users\ondra\.ivy2\cache\org.scala-tools\scala-stm_2.9.2\jars\scala-stm_2.9.2-0.5.jar">
						<origin-location is-local="false" location="http://repo1.maven.org/maven2/org/scala-tools/scala-stm_2.9.2/0.5/scala-stm_2.9.2-0.5.jar"/>
					</artifact>
				</artifacts>
			</revision>
		</module>
		<module organisation="com.h2database" name="h2">
			<revision name="1.3.158" status="release" pubdate="20110717131639" resolver="public" artresolver="public" homepage="http://www.h2database.com" downloaded="false" searched="false" default="false" conf="default(compile), default, compile, master(*), runtime, compile(*), runtime(*), master" position="24">
				<license name="The H2 License, Version 1.0" url="http://h2database.com/html/license.html"/>
				<metadata-artifact status="no" details="" size="2366" time="0" location="C:\Users\ondra\.ivy2\cache\com.h2database\h2\ivy-1.3.158.xml" searched="false" origin-is-local="false" origin-location="http://repo1.maven.org/maven2/com/h2database/h2/1.3.158/h2-1.3.158.pom"/>
				<caller organisation="play" name="play_2.9.2" conf="default, compile, runtime, master" rev="1.3.158" rev-constraint-default="1.3.158" rev-constraint-dynamic="1.3.158" callerrev="2.1-09142012"/>
				<caller organisation="play" name="sbt-plugin" conf="compile" rev="1.3.158" rev-constraint-default="1.3.158" rev-constraint-dynamic="1.3.158" callerrev="2.1-09142012"/>
				<artifacts>
					<artifact name="h2" type="jar" ext="jar" status="no" details="" size="1248544" time="0" location="C:\Users\ondra\.ivy2\cache\com.h2database\h2\jars\h2-1.3.158.jar">
						<origin-location is-local="false" location="http://repo1.maven.org/maven2/com/h2database/h2/1.3.158/h2-1.3.158.jar"/>
					</artifact>
				</artifacts>
			</revision>
		</module>
		<module organisation="org.hibernate.javax.persistence" name="hibernate-jpa-2.0-api">
			<revision name="1.0.1.Final" status="release" pubdate="20110615044226" resolver="public" artresolver="public" homepage="http://hibernate.org" downloaded="false" searched="false" default="false" conf="compile, master(*), runtime, compile(*), runtime(*), master" position="23">
				<license name="Unknown License" url="license.txt"/>
				<metadata-artifact status="no" details="" size="2495" time="0" location="C:\Users\ondra\.ivy2\cache\org.hibernate.javax.persistence\hibernate-jpa-2.0-api\ivy-1.0.1.Final.xml" searched="false" origin-is-local="false" origin-location="http://repo1.maven.org/maven2/org/hibernate/javax/persistence/hibernate-jpa-2.0-api/1.0.1.Final/hibernate-jpa-2.0-api-1.0.1.Final.pom"/>
				<caller organisation="play" name="play_2.9.2" conf="default, compile, runtime, master" rev="1.0.1.Final" rev-constraint-default="1.0.1.Final" rev-constraint-dynamic="1.0.1.Final" callerrev="2.1-09142012"/>
				<artifacts>
					<artifact name="hibernate-jpa-2.0-api" type="jar" ext="jar" status="no" details="" size="102661" time="0" location="C:\Users\ondra\.ivy2\cache\org.hibernate.javax.persistence\hibernate-jpa-2.0-api\jars\hibernate-jpa-2.0-api-1.0.1.Final.jar">
						<origin-location is-local="false" location="http://repo1.maven.org/maven2/org/hibernate/javax/persistence/hibernate-jpa-2.0-api/1.0.1.Final/hibernate-jpa-2.0-api-1.0.1.Final.jar"/>
					</artifact>
				</artifacts>
			</revision>
		</module>
		<module organisation="org.avaje" name="ebean">
			<revision name="2.7.5" status="release" pubdate="20120314090300" resolver="public" artresolver="public" homepage="http://www.avaje.org" downloaded="false" searched="false" default="false" conf="compile, master(*), runtime, compile(*), runtime(*), master, default(compile)" position="22">
				<license name="LGPL version 2.1 or later" url="http://www.gnu.org/licenses/lgpl-2.1.txt"/>
				<metadata-artifact status="no" details="" size="5081" time="0" location="C:\Users\ondra\.ivy2\cache\org.avaje\ebean\ivy-2.7.5.xml" searched="false" origin-is-local="false" origin-location="http://repo1.maven.org/maven2/org/avaje/ebean/2.7.5/ebean-2.7.5.pom"/>
				<caller organisation="play" name="sbt-plugin" conf="compile" rev="2.7.3" rev-constraint-default="2.7.3" rev-constraint-dynamic="2.7.3" callerrev="2.1-09142012"/>
				<caller organisation="play" name="play_2.9.2" conf="default, compile, runtime, master" rev="2.7.5" rev-constraint-default="2.7.5" rev-constraint-dynamic="2.7.5" callerrev="2.1-09142012"/>
				<artifacts>
					<artifact name="ebean" type="jar" ext="jar" status="no" details="" size="2005832" time="0" location="C:\Users\ondra\.ivy2\cache\org.avaje\ebean\jars\ebean-2.7.5.jar">
						<origin-location is-local="false" location="http://repo1.maven.org/maven2/org/avaje/ebean/2.7.5/ebean-2.7.5.jar"/>
					</artifact>
				</artifacts>
			</revision>
			<revision name="2.7.3" evicted="latest-revision" evicted-reason="" downloaded="false" searched="false" conf="default(compile), default, compile, runtime, master" position="-1">
				<evicted-by rev="2.7.5"/>
				<caller organisation="play" name="sbt-plugin" conf="compile" rev="2.7.3" rev-constraint-default="2.7.3" rev-constraint-dynamic="2.7.3" callerrev="2.1-09142012"/>
				<artifacts>
				</artifacts>
			</revision>
		</module>
		<module organisation="javax.transaction" name="jta">
			<revision name="1.1" status="release" pubdate="20081028022721" resolver="public" artresolver="public" homepage="http://java.sun.com/products/jta" downloaded="false" searched="false" default="false" conf="compile, master(*), runtime, compile(*), runtime(*), master" position="49">
				<metadata-artifact status="no" details="" size="2381" time="0" location="C:\Users\ondra\.ivy2\cache\javax.transaction\jta\ivy-1.1.xml" searched="false" origin-is-local="false" origin-location="http://repo1.maven.org/maven2/javax/transaction/jta/1.1/jta-1.1.pom"/>
				<caller organisation="play" name="play_2.9.2" conf="default, compile, runtime, master" rev="1.1" rev-constraint-default="1.1" rev-constraint-dynamic="1.1" callerrev="2.1-09142012"/>
				<artifacts>
					<artifact name="jta" type="jar" ext="jar" status="no" details="" size="15071" time="0" location="C:\Users\ondra\.ivy2\cache\javax.transaction\jta\jars\jta-1.1.jar">
						<origin-location is-local="false" location="http://repo1.maven.org/maven2/javax/transaction/jta/1.1/jta-1.1.jar"/>
					</artifact>
				</artifacts>
			</revision>
		</module>
		<module organisation="com.google.code.findbugs" name="jsr305">
			<revision name="2.0.0" status="release" pubdate="20120110001822" resolver="public" artresolver="public" homepage="http://findbugs.sourceforge.net/" downloaded="false" searched="false" default="false" conf="compile, master(*), runtime, compile(*), runtime(*), master" position="21">
				<license name="The Apache Software License, Version 2.0" url="http://www.apache.org/licenses/LICENSE-2.0.txt"/>
				<metadata-artifact status="no" details="" size="2422" time="0" location="C:\Users\ondra\.ivy2\cache\com.google.code.findbugs\jsr305\ivy-2.0.0.xml" searched="false" origin-is-local="false" origin-location="http://repo1.maven.org/maven2/com/google/code/findbugs/jsr305/2.0.0/jsr305-2.0.0.pom"/>
				<caller organisation="play" name="play_2.9.2" conf="default, compile, runtime, master" rev="2.0.0" rev-constraint-default="2.0.0" rev-constraint-dynamic="2.0.0" callerrev="2.1-09142012"/>
				<artifacts>
					<artifact name="jsr305" type="jar" ext="jar" status="no" details="" size="31866" time="0" location="C:\Users\ondra\.ivy2\cache\com.google.code.findbugs\jsr305\jars\jsr305-2.0.0.jar">
						<origin-location is-local="false" location="http://repo1.maven.org/maven2/com/google/code/findbugs/jsr305/2.0.0/jsr305-2.0.0.jar"/>
					</artifact>
				</artifacts>
			</revision>
		</module>
		<module organisation="com.google.guava" name="guava">
			<revision name="10.0.1" status="release" pubdate="20111010164457" resolver="public" artresolver="public" homepage="" downloaded="false" searched="false" default="false" conf="compile, master(*), runtime, compile(*), runtime(*), master" position="20">
				<metadata-artifact status="no" details="" size="3871" time="0" location="C:\Users\ondra\.ivy2\cache\com.google.guava\guava\ivy-10.0.1.xml" searched="false" origin-is-local="false" origin-location="http://repo1.maven.org/maven2/com/google/guava/guava/10.0.1/guava-10.0.1.pom"/>
				<caller organisation="play" name="play_2.9.2" conf="default, compile, runtime, master" rev="10.0.1" rev-constraint-default="10.0.1" rev-constraint-dynamic="10.0.1" callerrev="2.1-09142012"/>
				<artifacts>
					<artifact name="guava" type="jar" ext="jar" status="no" details="" size="1501575" time="0" location="C:\Users\ondra\.ivy2\cache\com.google.guava\guava\jars\guava-10.0.1.jar">
						<origin-location is-local="false" location="http://repo1.maven.org/maven2/com/google/guava/guava/10.0.1/guava-10.0.1.jar"/>
					</artifact>
				</artifacts>
			</revision>
		</module>
		<module organisation="com.typesafe.akka" name="akka-slf4j">
			<revision name="2.0.2" status="release" pubdate="20150501194438" resolver="sbt-chain" artresolver="sbt-chain" homepage="http://akka.io" downloaded="false" searched="false" default="false" conf="compile, master(*), runtime, compile(*), runtime(*), master" position="19">
				<license name="Apache 2" url="http://www.apache.org/licenses/LICENSE-2.0.txt"/>
				<metadata-artifact status="no" details="" size="3042" time="0" location="C:\Users\ondra\.ivy2\cache\com.typesafe.akka\akka-slf4j\ivy-2.0.2.xml" searched="false" origin-is-local="false" origin-location="http://repo.typesafe.com/typesafe/releases/com/typesafe/akka/akka-slf4j/2.0.2/akka-slf4j-2.0.2.pom"/>
				<caller organisation="play" name="play_2.9.2" conf="default, compile, runtime, master" rev="2.0.2" rev-constraint-default="2.0.2" rev-constraint-dynamic="2.0.2" callerrev="2.1-09142012"/>
				<artifacts>
					<artifact name="akka-slf4j" type="jar" ext="jar" status="no" details="" size="14415" time="0" location="C:\Users\ondra\.ivy2\cache\com.typesafe.akka\akka-slf4j\jars\akka-slf4j-2.0.2.jar">
						<origin-location is-local="false" location="http://repo.typesafe.com/typesafe/releases/com/typesafe/akka/akka-slf4j/2.0.2/akka-slf4j-2.0.2.jar"/>
					</artifact>
				</artifacts>
			</revision>
		</module>
		<module organisation="com.typesafe.akka" name="akka-actor">
			<revision name="2.0.2" status="release" pubdate="20150501194409" resolver="sbt-chain" artresolver="sbt-chain" homepage="http://akka.io" downloaded="false" searched="false" default="false" conf="compile, master(*), runtime, compile(*), runtime(*), master" position="18">
				<license name="Apache 2" url="http://www.apache.org/licenses/LICENSE-2.0.txt"/>
				<metadata-artifact status="no" details="" size="2528" time="0" location="C:\Users\ondra\.ivy2\cache\com.typesafe.akka\akka-actor\ivy-2.0.2.xml" searched="false" origin-is-local="false" origin-location="http://repo.typesafe.com/typesafe/releases/com/typesafe/akka/akka-actor/2.0.2/akka-actor-2.0.2.pom"/>
				<caller organisation="play" name="play_2.9.2" conf="default, compile, runtime, master" rev="2.0.2" rev-constraint-default="2.0.2" rev-constraint-dynamic="2.0.2" callerrev="2.1-09142012"/>
				<caller organisation="com.typesafe.akka" name="akka-slf4j" conf="compile, runtime" rev="2.0.2" rev-constraint-default="2.0.2" rev-constraint-dynamic="2.0.2" callerrev="2.0.2"/>
				<caller organisation="com.github.scala-incubator.io" name="scala-io-core_2.9.2" conf="compile, runtime" rev="2.0" rev-constraint-default="2.0" rev-constraint-dynamic="2.0" callerrev="0.4.0"/>
				<artifacts>
					<artifact name="akka-actor" type="jar" ext="jar" status="no" details="" size="1853029" time="0" location="C:\Users\ondra\.ivy2\cache\com.typesafe.akka\akka-actor\jars\akka-actor-2.0.2.jar">
						<origin-location is-local="false" location="http://repo.typesafe.com/typesafe/releases/com/typesafe/akka/akka-actor/2.0.2/akka-actor-2.0.2.jar"/>
					</artifact>
				</artifacts>
			</revision>
			<revision name="2.0" status="release" pubdate="20150501194354" resolver="sbt-chain" artresolver="sbt-chain" evicted="latest-revision" evicted-reason="" homepage="http://akka.io" downloaded="false" searched="false" default="false" conf="compile, master(*), runtime, compile(*), runtime(*), master" position="-1">
				<license name="Apache 2" url="http://www.apache.org/licenses/LICENSE-2.0.txt"/>
				<metadata-artifact status="no" details="" size="2528" time="0" location="C:\Users\ondra\.ivy2\cache\com.typesafe.akka\akka-actor\ivy-2.0.xml" searched="false" origin-is-local="false" origin-location="http://repo.typesafe.com/typesafe/releases/com/typesafe/akka/akka-actor/2.0/akka-actor-2.0.pom"/>
				<evicted-by rev="2.0.2"/>
				<caller organisation="com.github.scala-incubator.io" name="scala-io-core_2.9.2" conf="compile, runtime" rev="2.0" rev-constraint-default="2.0" rev-constraint-dynamic="2.0" callerrev="0.4.0"/>
				<artifacts>
				</artifacts>
			</revision>
		</module>
		<module organisation="ch.qos.logback" name="logback-classic">
			<revision name="1.0.3" status="release" pubdate="20120504003810" resolver="public" artresolver="public" homepage="http://logback.qos.ch" downloaded="false" searched="false" default="false" conf="compile, master(*), runtime, compile(*), runtime(*), master" position="17">
				<license name="Eclipse Public License - v 1.0" url="http://www.eclipse.org/legal/epl-v10.html"/>
				<license name="GNU Lesser General Public License" url="http://www.gnu.org/licenses/old-licenses/lgpl-2.1.html"/>
				<metadata-artifact status="no" details="" size="10027" time="0" location="C:\Users\ondra\.ivy2\cache\ch.qos.logback\logback-classic\ivy-1.0.3.xml" searched="false" origin-is-local="false" origin-location="http://repo1.maven.org/maven2/ch/qos/logback/logback-classic/1.0.3/logback-classic-1.0.3.pom"/>
				<caller organisation="play" name="play_2.9.2" conf="default, compile, runtime, master" rev="1.0.3" rev-constraint-default="1.0.3" rev-constraint-dynamic="1.0.3" callerrev="2.1-09142012"/>
				<artifacts>
					<artifact name="logback-classic" type="jar" ext="jar" status="no" details="" size="248737" time="0" location="C:\Users\ondra\.ivy2\cache\ch.qos.logback\logback-classic\jars\logback-classic-1.0.3.jar">
						<origin-location is-local="false" location="http://repo1.maven.org/maven2/ch/qos/logback/logback-classic/1.0.3/logback-classic-1.0.3.jar"/>
					</artifact>
				</artifacts>
			</revision>
		</module>
		<module organisation="dom4j" name="dom4j">
			<revision name="1.6.1" status="release" pubdate="20060210133318" resolver="public" artresolver="public" homepage="http://dom4j.org" downloaded="false" searched="false" default="false" conf="compile, master(*), runtime, compile(*), runtime(*), master" position="47">
				<metadata-artifact status="no" details="" size="3696" time="0" location="C:\Users\ondra\.ivy2\cache\dom4j\dom4j\ivy-1.6.1.xml" searched="false" origin-is-local="false" origin-location="http://repo1.maven.org/maven2/dom4j/dom4j/1.6.1/dom4j-1.6.1.pom"/>
				<caller organisation="org.reflections" name="reflections" conf="compile, runtime" rev="1.6.1" rev-constraint-default="1.6.1" rev-constraint-dynamic="1.6.1" callerrev="0.9.7"/>
				<artifacts>
					<artifact name="dom4j" type="jar" ext="jar" status="no" details="" size="313898" time="0" location="C:\Users\ondra\.ivy2\cache\dom4j\dom4j\jars\dom4j-1.6.1.jar">
						<origin-location is-local="false" location="http://repo1.maven.org/maven2/dom4j/dom4j/1.6.1/dom4j-1.6.1.jar"/>
					</artifact>
				</artifacts>
			</revision>
		</module>
		<module organisation="xml-apis" name="xml-apis">
			<revision name="1.0.b2" status="release" pubdate="20070209013046" resolver="public" artresolver="public" homepage="http://xml.apache.org/commons/#external" downloaded="false" searched="false" default="false" conf="compile, master(*), runtime, compile(*), runtime(*), master" position="38">
				<license name="The Apache Software License, Version 2.0" url="http://www.apache.org/licenses/LICENSE-2.0.txt"/>
				<metadata-artifact status="no" details="" size="2952" time="0" location="C:\Users\ondra\.ivy2\cache\xml-apis\xml-apis\ivy-1.0.b2.xml" searched="false" origin-is-local="false" origin-location="http://repo1.maven.org/maven2/xml-apis/xml-apis/1.0.b2/xml-apis-1.0.b2.pom"/>
				<caller organisation="dom4j" name="dom4j" conf="compile, runtime" rev="1.0.b2" rev-constraint-default="1.0.b2" rev-constraint-dynamic="1.0.b2" callerrev="1.6.1"/>
				<caller organisation="org.apache.ws.commons" name="ws-commons-util" conf="compile, runtime" rev="1.0.b2" rev-constraint-default="1.0.b2" rev-constraint-dynamic="1.0.b2" callerrev="1.0.1"/>
				<artifacts>
					<artifact name="xml-apis" type="jar" ext="jar" status="no" details="" size="109318" time="0" location="C:\Users\ondra\.ivy2\cache\xml-apis\xml-apis\jars\xml-apis-1.0.b2.jar">
						<origin-location is-local="false" location="http://repo1.maven.org/maven2/xml-apis/xml-apis/1.0.b2/xml-apis-1.0.b2.jar"/>
					</artifact>
				</artifacts>
			</revision>
		</module>
		<module organisation="ch.qos.logback" name="logback-core">
			<revision name="1.0.3" status="release" pubdate="20120504003655" resolver="public" artresolver="public" homepage="http://logback.qos.ch" downloaded="false" searched="false" default="false" conf="compile, master(*), runtime, compile(*), runtime(*), master" position="16">
				<license name="Eclipse Public License - v 1.0" url="http://www.eclipse.org/legal/epl-v10.html"/>
				<license name="GNU Lesser General Public License" url="http://www.gnu.org/licenses/old-licenses/lgpl-2.1.html"/>
				<metadata-artifact status="no" details="" size="9394" time="0" location="C:\Users\ondra\.ivy2\cache\ch.qos.logback\logback-core\ivy-1.0.3.xml" searched="false" origin-is-local="false" origin-location="http://repo1.maven.org/maven2/ch/qos/logback/logback-core/1.0.3/logback-core-1.0.3.pom"/>
				<caller organisation="play" name="play_2.9.2" conf="default, compile, runtime, master" rev="1.0.3" rev-constraint-default="1.0.3" rev-constraint-dynamic="1.0.3" callerrev="2.1-09142012"/>
				<caller organisation="ch.qos.logback" name="logback-classic" conf="compile, runtime" rev="1.0.3" rev-constraint-default="1.0.3" rev-constraint-dynamic="1.0.3" callerrev="1.0.3"/>
				<artifacts>
					<artifact name="logback-core" type="jar" ext="jar" status="no" details="" size="332478" time="0" location="C:\Users\ondra\.ivy2\cache\ch.qos.logback\logback-core\jars\logback-core-1.0.3.jar">
						<origin-location is-local="false" location="http://repo1.maven.org/maven2/ch/qos/logback/logback-core/1.0.3/logback-core-1.0.3.jar"/>
					</artifact>
				</artifacts>
			</revision>
		</module>
		<module organisation="org.slf4j" name="jcl-over-slf4j">
			<revision name="1.6.4" status="release" pubdate="20111031234641" resolver="public" artresolver="public" homepage="http://www.slf4j.org" downloaded="false" searched="false" default="false" conf="compile, master(*), runtime, compile(*), runtime(*), master" position="15">
				<metadata-artifact status="no" details="" size="4550" time="0" location="C:\Users\ondra\.ivy2\cache\org.slf4j\jcl-over-slf4j\ivy-1.6.4.xml" searched="false" origin-is-local="false" origin-location="http://repo1.maven.org/maven2/org/slf4j/jcl-over-slf4j/1.6.4/jcl-over-slf4j-1.6.4.pom"/>
				<caller organisation="play" name="play_2.9.2" conf="default, compile, runtime, master" rev="1.6.4" rev-constraint-default="1.6.4" rev-constraint-dynamic="1.6.4" callerrev="2.1-09142012"/>
				<artifacts>
					<artifact name="jcl-over-slf4j" type="jar" ext="jar" status="no" details="" size="17308" time="0" location="C:\Users\ondra\.ivy2\cache\org.slf4j\jcl-over-slf4j\jars\jcl-over-slf4j-1.6.4.jar">
						<origin-location is-local="false" location="http://repo1.maven.org/maven2/org/slf4j/jcl-over-slf4j/1.6.4/jcl-over-slf4j-1.6.4.jar"/>
					</artifact>
				</artifacts>
			</revision>
		</module>
		<module organisation="org.slf4j" name="jul-to-slf4j">
			<revision name="1.6.4" status="release" pubdate="20111031234659" resolver="public" artresolver="public" homepage="http://www.slf4j.org" downloaded="false" searched="false" default="false" conf="compile, master(*), runtime, compile(*), runtime(*), master" position="14">
				<metadata-artifact status="no" details="" size="4586" time="0" location="C:\Users\ondra\.ivy2\cache\org.slf4j\jul-to-slf4j\ivy-1.6.4.xml" searched="false" origin-is-local="false" origin-location="http://repo1.maven.org/maven2/org/slf4j/jul-to-slf4j/1.6.4/jul-to-slf4j-1.6.4.pom"/>
				<caller organisation="play" name="play_2.9.2" conf="default, compile, runtime, master" rev="1.6.4" rev-constraint-default="1.6.4" rev-constraint-dynamic="1.6.4" callerrev="2.1-09142012"/>
				<artifacts>
					<artifact name="jul-to-slf4j" type="jar" ext="jar" status="no" details="" size="4868" time="0" location="C:\Users\ondra\.ivy2\cache\org.slf4j\jul-to-slf4j\jars\jul-to-slf4j-1.6.4.jar">
						<origin-location is-local="false" location="http://repo1.maven.org/maven2/org/slf4j/jul-to-slf4j/1.6.4/jul-to-slf4j-1.6.4.jar"/>
					</artifact>
				</artifacts>
			</revision>
		</module>
		<module organisation="io.netty" name="netty">
			<revision name="3.5.0.Final" status="release" pubdate="20120608182812" resolver="public" artresolver="public" homepage="http://netty.io/" downloaded="false" searched="false" default="false" conf="compile, master(*), runtime, compile(*), runtime(*), master" position="12">
				<license name="Apache License, Version 2.0" url="http://www.apache.org/licenses/LICENSE-2.0"/>
				<metadata-artifact status="no" details="" size="6483" time="0" location="C:\Users\ondra\.ivy2\cache\io.netty\netty\ivy-3.5.0.Final.xml" searched="false" origin-is-local="false" origin-location="http://repo1.maven.org/maven2/io/netty/netty/3.5.0.Final/netty-3.5.0.Final.pom"/>
				<caller organisation="play" name="play_2.9.2" conf="default, compile, runtime, master" rev="3.5.0.Final" rev-constraint-default="3.5.0.Final" rev-constraint-dynamic="3.5.0.Final" callerrev="2.1-09142012"/>
				<caller organisation="com.ning" name="async-http-client" conf="compile, runtime" rev="3.4.4.Final" rev-constraint-default="3.4.4.Final" rev-constraint-dynamic="3.4.4.Final" callerrev="1.7.6"/>
				<artifacts>
					<artifact name="netty" type="bundle" ext="jar" status="no" details="" size="1110903" time="0" location="C:\Users\ondra\.ivy2\cache\io.netty\netty\bundles\netty-3.5.0.Final.jar">
						<origin-location is-local="false" location="http://repo1.maven.org/maven2/io/netty/netty/3.5.0.Final/netty-3.5.0.Final.jar"/>
					</artifact>
				</artifacts>
			</revision>
			<revision name="3.4.4.Final" evicted="latest-revision" evicted-reason="" downloaded="false" searched="false" conf="compile, master(*), runtime, compile(*), runtime(*), master" position="-1">
				<evicted-by rev="3.5.0.Final"/>
				<caller organisation="com.ning" name="async-http-client" conf="compile, runtime" rev="3.4.4.Final" rev-constraint-default="3.4.4.Final" rev-constraint-dynamic="3.4.4.Final" callerrev="1.7.6"/>
				<artifacts>
				</artifacts>
			</revision>
		</module>
		<module organisation="commons-logging" name="commons-logging">
			<revision name="1.1.1" status="release" pubdate="20071126212410" resolver="public" artresolver="public" homepage="http://commons.apache.org/logging" downloaded="false" searched="false" default="false" conf="compile, master(*), runtime, compile(*), runtime(*), master" position="42">
				<metadata-artifact status="no" details="" size="3981" time="0" location="C:\Users\ondra\.ivy2\cache\commons-logging\commons-logging\ivy-1.1.1.xml" searched="false" origin-is-local="false" origin-location="http://repo1.maven.org/maven2/commons-logging/commons-logging/1.1.1/commons-logging-1.1.1.pom"/>
				<caller organisation="org.apache.httpcomponents" name="httpclient" conf="compile, runtime" rev="1.1.1" rev-constraint-default="1.1.1" rev-constraint-dynamic="1.1.1" callerrev="4.1.2"/>
				<caller organisation="org.apache.httpcomponents" name="httpclient" conf="compile, runtime" rev="1.1.1" rev-constraint-default="1.1.1" rev-constraint-dynamic="1.1.1" callerrev="4.0.1"/>
				<artifacts>
					<artifact name="commons-logging" type="jar" ext="jar" status="no" details="" size="60686" time="0" location="C:\Users\ondra\.ivy2\cache\commons-logging\commons-logging\jars\commons-logging-1.1.1.jar">
						<origin-location is-local="false" location="http://repo1.maven.org/maven2/commons-logging/commons-logging/1.1.1/commons-logging-1.1.1.jar"/>
					</artifact>
				</artifacts>
			</revision>
		</module>
		<module organisation="org.slf4j" name="slf4j-api">
			<revision name="1.6.4" status="release" pubdate="20111031234538" resolver="public" artresolver="public" homepage="http://www.slf4j.org" downloaded="false" searched="false" default="false" conf="compile, master(*), runtime, compile(*), runtime(*), master" position="13">
				<metadata-artifact status="no" details="" size="4381" time="0" location="C:\Users\ondra\.ivy2\cache\org.slf4j\slf4j-api\ivy-1.6.4.xml" searched="false" origin-is-local="false" origin-location="http://repo1.maven.org/maven2/org/slf4j/slf4j-api/1.6.4/slf4j-api-1.6.4.pom"/>
				<caller organisation="org.slf4j" name="jul-to-slf4j" conf="compile, runtime" rev="1.6.4" rev-constraint-default="1.6.4" rev-constraint-dynamic="1.6.4" callerrev="1.6.4"/>
				<caller organisation="net.sf.ehcache" name="ehcache-core" conf="compile, runtime" rev="1.6.1" rev-constraint-default="1.6.1" rev-constraint-dynamic="1.6.1" callerrev="2.5.0"/>
				<caller organisation="org.hibernate" name="hibernate-validator" conf="compile, runtime" rev="1.6.1" rev-constraint-default="1.6.1" rev-constraint-dynamic="1.6.1" callerrev="4.2.0.Final"/>
				<caller organisation="play" name="play_2.9.2" conf="default, compile, runtime, master" rev="1.6.4" rev-constraint-default="1.6.4" rev-constraint-dynamic="1.6.4" callerrev="2.1-09142012"/>
				<caller organisation="org.clapper" name="grizzled-slf4j_2.9.1" conf="compile, runtime" rev="1.6.2" rev-constraint-default="1.6.2" rev-constraint-dynamic="1.6.2" callerrev="0.6.5"/>
				<caller organisation="com.typesafe.akka" name="akka-slf4j" conf="compile, runtime" rev="1.6.4" rev-constraint-default="1.6.4" rev-constraint-dynamic="1.6.4" callerrev="2.0.2"/>
				<caller organisation="org.slf4j" name="jcl-over-slf4j" conf="compile, runtime" rev="1.6.4" rev-constraint-default="1.6.4" rev-constraint-dynamic="1.6.4" callerrev="1.6.4"/>
				<caller organisation="com.ning" name="async-http-client" conf="compile, runtime" rev="1.6.2" rev-constraint-default="1.6.2" rev-constraint-dynamic="1.6.2" callerrev="1.7.6"/>
				<caller organisation="ch.qos.logback" name="logback-classic" conf="compile, runtime" rev="1.6.4" rev-constraint-default="1.6.4" rev-constraint-dynamic="1.6.4" callerrev="1.0.3"/>
				<artifacts>
					<artifact name="slf4j-api" type="jar" ext="jar" status="no" details="" size="25962" time="0" location="C:\Users\ondra\.ivy2\cache\org.slf4j\slf4j-api\jars\slf4j-api-1.6.4.jar">
						<origin-location is-local="false" location="http://repo1.maven.org/maven2/org/slf4j/slf4j-api/1.6.4/slf4j-api-1.6.4.jar"/>
					</artifact>
				</artifacts>
			</revision>
			<revision name="1.6.2" evicted="latest-revision" evicted-reason="" downloaded="false" searched="false" conf="compile, master(*), runtime, compile(*), runtime(*), master" position="-1">
				<evicted-by rev="1.6.4"/>
				<caller organisation="org.slf4j" name="jul-to-slf4j" conf="compile, runtime" rev="1.6.4" rev-constraint-default="1.6.4" rev-constraint-dynamic="1.6.4" callerrev="1.6.4"/>
				<caller organisation="org.hibernate" name="hibernate-validator" conf="compile, runtime" rev="1.6.1" rev-constraint-default="1.6.1" rev-constraint-dynamic="1.6.1" callerrev="4.2.0.Final"/>
				<caller organisation="play" name="play_2.9.2" conf="compile, runtime" rev="1.6.1" rev-constraint-default="1.6.1" rev-constraint-dynamic="1.6.4" callerrev="2.1-09142012"/>
				<caller organisation="net.sf.ehcache" name="ehcache-core" conf="compile, runtime" rev="1.6.1" rev-constraint-default="1.6.1" rev-constraint-dynamic="1.6.1" callerrev="2.5.0"/>
				<caller organisation="com.typesafe.akka" name="akka-slf4j" conf="compile, runtime" rev="1.6.4" rev-constraint-default="1.6.4" rev-constraint-dynamic="1.6.4" callerrev="2.0.2"/>
				<caller organisation="org.slf4j" name="jcl-over-slf4j" conf="compile, runtime" rev="1.6.4" rev-constraint-default="1.6.4" rev-constraint-dynamic="1.6.4" callerrev="1.6.4"/>
				<caller organisation="org.clapper" name="grizzled-slf4j_2.9.1" conf="compile, runtime" rev="1.6.2" rev-constraint-default="1.6.2" rev-constraint-dynamic="1.6.2" callerrev="0.6.5"/>
				<caller organisation="com.ning" name="async-http-client" conf="compile, runtime" rev="1.6.2" rev-constraint-default="1.6.2" rev-constraint-dynamic="1.6.2" callerrev="1.7.6"/>
				<caller organisation="ch.qos.logback" name="logback-classic" conf="compile, runtime" rev="1.6.4" rev-constraint-default="1.6.4" rev-constraint-dynamic="1.6.4" callerrev="1.0.3"/>
				<artifacts>
				</artifacts>
			</revision>
			<revision name="1.6.1" evicted="latest-revision" evicted-reason="" downloaded="false" searched="false" conf="compile, master(*), runtime, compile(*), runtime(*), master" position="-1">
				<evicted-by rev="1.6.2"/>
				<caller organisation="org.slf4j" name="jul-to-slf4j" conf="compile, runtime" rev="1.6.4" rev-constraint-default="1.6.4" rev-constraint-dynamic="1.6.4" callerrev="1.6.4"/>
				<caller organisation="net.sf.ehcache" name="ehcache-core" conf="compile, runtime" rev="1.6.1" rev-constraint-default="1.6.1" rev-constraint-dynamic="1.6.1" callerrev="2.5.0"/>
				<caller organisation="play" name="play_2.9.2" conf="compile, runtime" rev="1.6.1" rev-constraint-default="1.6.1" rev-constraint-dynamic="1.6.4" callerrev="2.1-09142012"/>
				<caller organisation="org.hibernate" name="hibernate-validator" conf="compile, runtime" rev="1.6.1" rev-constraint-default="1.6.1" rev-constraint-dynamic="1.6.1" callerrev="4.2.0.Final"/>
				<caller organisation="org.slf4j" name="jcl-over-slf4j" conf="compile, runtime" rev="1.6.4" rev-constraint-default="1.6.4" rev-constraint-dynamic="1.6.4" callerrev="1.6.4"/>
				<caller organisation="com.typesafe.akka" name="akka-slf4j" conf="compile, runtime" rev="1.6.4" rev-constraint-default="1.6.4" rev-constraint-dynamic="1.6.4" callerrev="2.0.2"/>
				<caller organisation="com.ning" name="async-http-client" conf="compile, runtime" rev="1.6.2" rev-constraint-default="1.6.2" rev-constraint-dynamic="1.6.2" callerrev="1.7.6"/>
				<caller organisation="ch.qos.logback" name="logback-classic" conf="compile, runtime" rev="1.6.4" rev-constraint-default="1.6.4" rev-constraint-dynamic="1.6.4" callerrev="1.0.3"/>
				<artifacts>
				</artifacts>
			</revision>
		</module>
		<module organisation="junit" name="junit">
			<revision name="3.8.1" status="release" pubdate="20070514233418" resolver="public" artresolver="public" homepage="http://junit.org" downloaded="false" searched="false" default="false" conf="compile, master(*), runtime, compile(*), runtime(*), master" position="58">
				<license name="Common Public License Version 1.0" url="http://www.opensource.org/licenses/cpl1.0.txt"/>
				<metadata-artifact status="no" details="" size="2486" time="0" location="C:\Users\ondra\.ivy2\cache\junit\junit\ivy-3.8.1.xml" searched="false" origin-is-local="false" origin-location="http://repo1.maven.org/maven2/junit/junit/3.8.1/junit-3.8.1.pom"/>
				<caller organisation="jline" name="jline" conf="compile, runtime" rev="3.8.1" rev-constraint-default="3.8.1" rev-constraint-dynamic="3.8.1" callerrev="0.9.94"/>
				<artifacts>
					<artifact name="junit" type="jar" ext="jar" status="no" details="" size="121070" time="0" location="C:\Users\ondra\.ivy2\cache\junit\junit\jars\junit-3.8.1.jar">
						<origin-location is-local="false" location="http://repo1.maven.org/maven2/junit/junit/3.8.1/junit-3.8.1.jar"/>
					</artifact>
				</artifacts>
			</revision>
		</module>
		<module organisation="play" name="anorm_2.9.2">
			<revision name="2.1-09142012" status="release" pubdate="20150421183401" resolver="sbt-chain" artresolver="sbt-chain" homepage="" downloaded="false" searched="false" default="false" conf="compile, master(*), runtime, compile(*), runtime(*), master" position="11">
				<metadata-artifact status="no" details="" size="2421" time="0" location="C:\Users\ondra\.ivy2\cache\play\anorm_2.9.2\ivy-2.1-09142012.xml" searched="false" origin-is-local="false" origin-location="http://repo.typesafe.com/typesafe/releases/play/anorm_2.9.2/2.1-09142012/anorm_2.9.2-2.1-09142012.pom"/>
				<caller organisation="play" name="play_2.9.2" conf="default, compile, runtime, master" rev="2.1-09142012" rev-constraint-default="2.1-09142012" rev-constraint-dynamic="2.1-09142012" callerrev="2.1-09142012"/>
				<artifacts>
					<artifact name="anorm_2.9.2" type="jar" ext="jar" status="no" details="" size="288827" time="0" location="C:\Users\ondra\.ivy2\cache\play\anorm_2.9.2\jars\anorm_2.9.2-2.1-09142012.jar">
						<origin-location is-local="false" location="http://repo.typesafe.com/typesafe/releases/play/anorm_2.9.2/2.1-09142012/anorm_2.9.2-2.1-09142012.jar"/>
					</artifact>
				</artifacts>
			</revision>
		</module>
		<module organisation="play" name="templates_2.9.2">
			<revision name="2.1-09142012" status="release" pubdate="20150421170926" resolver="sbt-chain" artresolver="sbt-chain" homepage="" downloaded="false" searched="false" default="false" conf="default(compile), default, compile, master(*), runtime, compile(*), runtime(*), master" position="10">
				<metadata-artifact status="no" details="" size="2565" time="0" location="C:\Users\ondra\.ivy2\cache\play\templates_2.9.2\ivy-2.1-09142012.xml" searched="false" origin-is-local="false" origin-location="http://repo.typesafe.com/typesafe/releases/play/templates_2.9.2/2.1-09142012/templates_2.9.2-2.1-09142012.pom"/>
				<caller organisation="play" name="play_2.9.2" conf="default, compile, runtime, master" rev="2.1-09142012" rev-constraint-default="2.1-09142012" rev-constraint-dynamic="2.1-09142012" callerrev="2.1-09142012"/>
				<caller organisation="play" name="sbt-plugin" conf="compile" rev="2.1-09142012" rev-constraint-default="2.1-09142012" rev-constraint-dynamic="2.1-09142012" callerrev="2.1-09142012"/>
				<artifacts>
					<artifact name="templates_2.9.2" type="jar" ext="jar" status="no" details="" size="366292" time="0" location="C:\Users\ondra\.ivy2\cache\play\templates_2.9.2\jars\templates_2.9.2-2.1-09142012.jar">
						<origin-location is-local="false" location="http://repo.typesafe.com/typesafe/releases/play/templates_2.9.2/2.1-09142012/templates_2.9.2-2.1-09142012.jar"/>
					</artifact>
				</artifacts>
			</revision>
		</module>
		<module organisation="play" name="routes-compiler_2.9.2">
			<revision name="2.1-09142012" status="release" pubdate="20150421172857" resolver="sbt-chain" artresolver="sbt-chain" homepage="" downloaded="false" searched="false" default="false" conf="default(compile), default, compile, master(*), compile(*), runtime, runtime(*), master" position="5">
				<metadata-artifact status="no" details="" size="2472" time="0" location="C:\Users\ondra\.ivy2\cache\play\routes-compiler_2.9.2\ivy-2.1-09142012.xml" searched="false" origin-is-local="false" origin-location="http://repo.typesafe.com/typesafe/releases/play/routes-compiler_2.9.2/2.1-09142012/routes-compiler_2.9.2-2.1-09142012.pom"/>
				<caller organisation="play" name="play_2.9.2" conf="default, compile, runtime, master" rev="2.1-09142012" rev-constraint-default="2.1-09142012" rev-constraint-dynamic="2.1-09142012" callerrev="2.1-09142012"/>
				<caller organisation="play" name="sbt-plugin" conf="compile" rev="2.1-09142012" rev-constraint-default="2.1-09142012" rev-constraint-dynamic="2.1-09142012" callerrev="2.1-09142012"/>
				<artifacts>
					<artifact name="routes-compiler_2.9.2" type="jar" ext="jar" status="no" details="" size="476345" time="0" location="C:\Users\ondra\.ivy2\cache\play\routes-compiler_2.9.2\jars\routes-compiler_2.9.2-2.1-09142012.jar">
						<origin-location is-local="false" location="http://repo.typesafe.com/typesafe/releases/play/routes-compiler_2.9.2/2.1-09142012/routes-compiler_2.9.2-2.1-09142012.jar"/>
					</artifact>
				</artifacts>
			</revision>
		</module>
		<module organisation="com.github.scala-incubator.io" name="scala-io-file_2.9.2">
			<revision name="0.4.0" status="release" pubdate="20120415100706" resolver="public" artresolver="public" homepage="http://jesseeichar.github.com/scala-io-doc/index.html" downloaded="false" searched="false" default="false" conf="default(compile), default, compile, master(*), runtime, compile(*), runtime(*), master" position="6">
				<license name="Scala License" url="http://www.scala-lang.org/node/146"/>
				<metadata-artifact status="no" details="" size="2871" time="0" location="C:\Users\ondra\.ivy2\cache\com.github.scala-incubator.io\scala-io-file_2.9.2\ivy-0.4.0.xml" searched="false" origin-is-local="false" origin-location="http://repo1.maven.org/maven2/com/github/scala-incubator/io/scala-io-file_2.9.2/0.4.0/scala-io-file_2.9.2-0.4.0.pom"/>
				<caller organisation="play" name="routes-compiler_2.9.2" conf="default, compile, runtime, master" rev="0.4.0" rev-constraint-default="0.4.0" rev-constraint-dynamic="0.4.0" callerrev="2.1-09142012"/>
				<caller organisation="play" name="play_2.9.2" conf="default, compile, runtime, master" rev="0.4.0" rev-constraint-default="0.4.0" rev-constraint-dynamic="0.4.0" callerrev="2.1-09142012"/>
				<caller organisation="play" name="sbt-plugin" conf="compile" rev="0.4.0" rev-constraint-default="0.4.0" rev-constraint-dynamic="0.4.0" callerrev="2.1-09142012"/>
				<caller organisation="play" name="templates_2.9.2" conf="compile, runtime" rev="0.4.0" rev-constraint-default="0.4.0" rev-constraint-dynamic="0.4.0" callerrev="2.1-09142012"/>
				<caller organisation="play" name="console_2.9.2" conf="default, compile, runtime, master" rev="0.4.0" rev-constraint-default="0.4.0" rev-constraint-dynamic="0.4.0" callerrev="2.1-09142012"/>
				<artifacts>
					<artifact name="scala-io-file_2.9.2" type="jar" ext="jar" status="no" details="" size="389893" time="0" location="C:\Users\ondra\.ivy2\cache\com.github.scala-incubator.io\scala-io-file_2.9.2\jars\scala-io-file_2.9.2-0.4.0.jar">
						<origin-location is-local="false" location="http://repo1.maven.org/maven2/com/github/scala-incubator/io/scala-io-file_2.9.2/0.4.0/scala-io-file_2.9.2-0.4.0.jar"/>
					</artifact>
				</artifacts>
			</revision>
		</module>
		<module organisation="com.github.scala-incubator.io" name="scala-io-core_2.9.2">
			<revision name="0.4.0" status="release" pubdate="20120415100719" resolver="public" artresolver="public" homepage="http://jesseeichar.github.com/scala-io-doc/index.html" downloaded="false" searched="false" default="false" conf="compile, master(*), runtime, compile(*), runtime(*), master" position="7">
				<license name="Scala License" url="http://www.scala-lang.org/node/146"/>
				<metadata-artifact status="no" details="" size="3004" time="0" location="C:\Users\ondra\.ivy2\cache\com.github.scala-incubator.io\scala-io-core_2.9.2\ivy-0.4.0.xml" searched="false" origin-is-local="false" origin-location="http://repo1.maven.org/maven2/com/github/scala-incubator/io/scala-io-core_2.9.2/0.4.0/scala-io-core_2.9.2-0.4.0.pom"/>
				<caller organisation="com.github.scala-incubator.io" name="scala-io-file_2.9.2" conf="compile, runtime" rev="0.4.0" rev-constraint-default="0.4.0" rev-constraint-dynamic="0.4.0" callerrev="0.4.0"/>
				<artifacts>
					<artifact name="scala-io-core_2.9.2" type="jar" ext="jar" status="no" details="" size="1427562" time="0" location="C:\Users\ondra\.ivy2\cache\com.github.scala-incubator.io\scala-io-core_2.9.2\jars\scala-io-core_2.9.2-0.4.0.jar">
						<origin-location is-local="false" location="http://repo1.maven.org/maven2/com/github/scala-incubator/io/scala-io-core_2.9.2/0.4.0/scala-io-core_2.9.2-0.4.0.jar"/>
					</artifact>
				</artifacts>
			</revision>
		</module>
		<module organisation="com.github.jsuereth.scala-arm" name="scala-arm_2.9.1">
			<revision name="1.1" status="release" pubdate="20111221044753" resolver="public" artresolver="public" homepage="" downloaded="false" searched="false" default="false" conf="compile, master(*), runtime, compile(*), runtime(*), master" position="8">
				<metadata-artifact status="no" details="" size="2781" time="0" location="C:\Users\ondra\.ivy2\cache\com.github.jsuereth.scala-arm\scala-arm_2.9.1\ivy-1.1.xml" searched="false" origin-is-local="false" origin-location="http://repo1.maven.org/maven2/com/github/jsuereth/scala-arm/scala-arm_2.9.1/1.1/scala-arm_2.9.1-1.1.pom"/>
				<caller organisation="com.github.scala-incubator.io" name="scala-io-core_2.9.1" conf="compile, runtime" rev="1.1" rev-constraint-default="1.1" rev-constraint-dynamic="1.1" callerrev="0.4.0-seq"/>
				<caller organisation="com.github.scala-incubator.io" name="scala-io-core_2.9.2" conf="compile, runtime" rev="1.1" rev-constraint-default="1.1" rev-constraint-dynamic="1.1" callerrev="0.4.0"/>
				<artifacts>
					<artifact name="scala-arm_2.9.1" type="jar" ext="jar" status="no" details="" size="68729" time="0" location="C:\Users\ondra\.ivy2\cache\com.github.jsuereth.scala-arm\scala-arm_2.9.1\jars\scala-arm_2.9.1-1.1.jar">
						<origin-location is-local="false" location="http://repo1.maven.org/maven2/com/github/jsuereth/scala-arm/scala-arm_2.9.1/1.1/scala-arm_2.9.1-1.1.jar"/>
					</artifact>
				</artifacts>
			</revision>
		</module>
		<module organisation="play" name="utils_2.9.2">
			<revision name="2.1-09142012" status="release" pubdate="20150421180411" resolver="sbt-chain" artresolver="sbt-chain" homepage="" downloaded="false" searched="false" default="false" conf="default(compile), default, compile, master(*), compile(*), runtime, runtime(*), master" position="4">
				<metadata-artifact status="no" details="" size="2421" time="0" location="C:\Users\ondra\.ivy2\cache\play\utils_2.9.2\ivy-2.1-09142012.xml" searched="false" origin-is-local="false" origin-location="http://repo.typesafe.com/typesafe/releases/play/utils_2.9.2/2.1-09142012/utils_2.9.2-2.1-09142012.pom"/>
				<caller organisation="play" name="play_2.9.2" conf="default, compile, runtime, master" rev="2.1-09142012" rev-constraint-default="2.1-09142012" rev-constraint-dynamic="2.1-09142012" callerrev="2.1-09142012"/>
				<caller organisation="play" name="sbt-plugin" conf="compile" rev="2.1-09142012" rev-constraint-default="2.1-09142012" rev-constraint-dynamic="2.1-09142012" callerrev="2.1-09142012"/>
				<caller organisation="play" name="console_2.9.2" conf="default, compile, runtime, master" rev="2.1-09142012" rev-constraint-default="2.1-09142012" rev-constraint-dynamic="2.1-09142012" callerrev="2.1-09142012"/>
				<artifacts>
					<artifact name="utils_2.9.2" type="jar" ext="jar" status="no" details="" size="20422" time="0" location="C:\Users\ondra\.ivy2\cache\play\utils_2.9.2\jars\utils_2.9.2-2.1-09142012.jar">
						<origin-location is-local="false" location="http://repo.typesafe.com/typesafe/releases/play/utils_2.9.2/2.1-09142012/utils_2.9.2-2.1-09142012.jar"/>
					</artifact>
				</artifacts>
			</revision>
		</module>
		<module organisation="com.typesafe.sbt" name="sbt-start-script">
			<revision name="0.9.0" status="release" pubdate="20130805090523" resolver="sbt-plugin-releases on bintray" artresolver="sbt-plugin-releases on bintray" extra-sbtVersion="0.12" extra-scalaVersion="2.9.2" downloaded="true" searched="true" default="false" conf="default(compile), compile" position="2">
				<metadata-artifact status="successful" details="" size="2120" time="297" location="C:\Users\ondra\.ivy2\cache\scala_2.9.2\sbt_0.12\com.typesafe.sbt\sbt-start-script\ivy-0.9.0.xml" searched="true" original-local-location="C:\Users\ondra\.ivy2\cache\scala_2.9.2\sbt_0.12\com.typesafe.sbt\sbt-start-script\ivy-0.9.0.xml.original" origin-is-local="false" origin-location="https://dl.bintray.com/sbt/sbt-plugin-releases/com.typesafe.sbt/sbt-start-script/scala_2.9.2/sbt_0.12/0.9.0/ivys/ivy.xml"/>
				<caller organisation="default" name="default-818f35" conf="test, compile, runtime" rev="0.9.0" rev-constraint-default="0.9.0" rev-constraint-dynamic="0.9.0" callerrev="0.1-SNAPSHOT" extra-sbtVersion="0.12" extra-scalaVersion="2.9.2"/>
				<artifacts>
					<artifact name="sbt-start-script" type="jar" ext="jar" status="successful" details="" size="63687" time="468" location="C:\Users\ondra\.ivy2\cache\scala_2.9.2\sbt_0.12\com.typesafe.sbt\sbt-start-script\jars\sbt-start-script-0.9.0.jar">
						<origin-location is-local="false" location="https://dl.bintray.com/sbt/sbt-plugin-releases/com.typesafe.sbt/sbt-start-script/scala_2.9.2/sbt_0.12/0.9.0/jars/sbt-start-script.jar"/>
					</artifact>
				</artifacts>
			</revision>
		</module>
		<module organisation="net.virtual-void" name="sbt-dependency-graph">
			<revision name="0.6.0" status="release" pubdate="20120827110230" resolver="public" artresolver="public" homepage="http://github.com/jrudolph/sbt-dependency-graph" extra-sbtVersion="0.12" extra-scalaVersion="2.9.2" downloaded="false" searched="false" default="false" conf="default(compile), default, compile, runtime, master" position="1">
				<license name="Apache License 2.0" url="https://github.com/jrudolph/sbt-dependency-graph/raw/master/LICENSE"/>
				<metadata-artifact status="no" details="" size="2975" time="0" location="C:\Users\ondra\.ivy2\cache\scala_2.9.2\sbt_0.12\net.virtual-void\sbt-dependency-graph\ivy-0.6.0.xml" searched="false" origin-is-local="false" origin-location="http://repo1.maven.org/maven2/net/virtual-void/sbt-dependency-graph_2.9.2_0.12/0.6.0/sbt-dependency-graph-0.6.0.pom"/>
				<caller organisation="default" name="default-818f35" conf="test, compile, runtime" rev="0.6.0" rev-constraint-default="0.6.0" rev-constraint-dynamic="0.6.0" callerrev="0.1-SNAPSHOT" extra-sbtVersion="0.12" extra-scalaVersion="2.9.2"/>
				<artifacts>
					<artifact name="sbt-dependency-graph" type="jar" ext="jar" status="no" details="" size="56242" time="0" location="C:\Users\ondra\.ivy2\cache\scala_2.9.2\sbt_0.12\net.virtual-void\sbt-dependency-graph\jars\sbt-dependency-graph-0.6.0.jar">
						<origin-location is-local="false" location="http://repo1.maven.org/maven2/net/virtual-void/sbt-dependency-graph_2.9.2_0.12/0.6.0/sbt-dependency-graph-0.6.0.jar"/>
					</artifact>
				</artifacts>
			</revision>
		</module>
		<module organisation="org.scala-lang" name="scala-library">
			<revision name="2.9.2" status="release" pubdate="20120413142921" resolver="public" artresolver="public" homepage="http://www.scala-lang.org/" downloaded="false" searched="false" default="false" conf="compile, master(*), runtime, compile(*), runtime(*), master" position="0">
				<license name="BSD-like" url="http://www.scala-lang.org/downloads/license.html          "/>
				<metadata-artifact status="no" details="" size="2420" time="0" location="C:\Users\ondra\.ivy2\cache\org.scala-lang\scala-library\ivy-2.9.2.xml" searched="false" origin-is-local="false" origin-location="http://repo1.maven.org/maven2/org/scala-lang/scala-library/2.9.2/scala-library-2.9.2.pom"/>
				<caller organisation="org.scalaz" name="scalaz-core_2.9.2" conf="default, compile, runtime, master" rev="2.9.2" rev-constraint-default="2.9.2" rev-constraint-dynamic="2.9.2" callerrev="6.0.4"/>
				<caller organisation="org.clapper" name="scalasti_2.9.1" conf="compile, runtime" rev="2.9.2" rev-constraint-default="2.9.2" rev-constraint-dynamic="2.9.1" callerrev="0.5.5"/>
				<caller organisation="org.scalaz" name="scalaz-core_2.9.2" conf="default, compile, runtime, master" rev="2.9.2" rev-constraint-default="2.9.2" rev-constraint-dynamic="2.9.2" callerrev="6.0.3"/>
				<caller organisation="com.github.scala-incubator.io" name="scala-io-file_2.9.1" conf="compile, runtime" rev="2.9.2" rev-constraint-default="2.9.2" rev-constraint-dynamic="2.9.1" callerrev="0.4.0-seq"/>
				<caller organisation="net.databinder" name="dispatch-futures_2.9.1" conf="compile, runtime" rev="2.9.2" rev-constraint-default="2.9.2" rev-constraint-dynamic="2.9.1" callerrev="0.8.6"/>
				<caller organisation="org.clapper" name="grizzled-slf4j_2.9.1" conf="compile, runtime" rev="2.9.2" rev-constraint-default="2.9.2" rev-constraint-dynamic="2.9.1" callerrev="0.6.5"/>
				<caller organisation="com.typesafe.akka" name="akka-slf4j" conf="compile, runtime" rev="2.9.2" rev-constraint-default="2.9.2" rev-constraint-dynamic="2.9.2" callerrev="2.0.2"/>
				<caller organisation="com.github.scala-incubator.io" name="scala-io-core_2.9.2" conf="compile, runtime" rev="2.9.2" rev-constraint-default="2.9.2" rev-constraint-dynamic="2.9.2" callerrev="0.4.0"/>
				<caller organisation="net.databinder" name="dispatch-http_2.9.1" conf="compile, runtime" rev="2.9.2" rev-constraint-default="2.9.2" rev-constraint-dynamic="2.9.1" callerrev="0.8.6"/>
				<caller organisation="me.lessis" name="ls_2.9.1" conf="compile, runtime" rev="2.9.2" rev-constraint-default="2.9.2" rev-constraint-dynamic="2.9.1" callerrev="0.1.2-RC2"/>
				<caller organisation="net.databinder.giter8" name="giter8-lib_2.9.1" conf="compile, runtime" rev="2.9.2" rev-constraint-default="2.9.2" rev-constraint-dynamic="2.9.1" callerrev="0.5.0"/>
				<caller organisation="play" name="anorm_2.9.2" conf="compile, runtime" rev="2.9.2" rev-constraint-default="2.9.2" rev-constraint-dynamic="2.9.2" callerrev="2.1-09142012"/>
				<caller organisation="com.codahale" name="jerkson_2.9.1" conf="compile, runtime" rev="2.9.2" rev-constraint-default="2.9.2" rev-constraint-dynamic="2.9.1" callerrev="0.5.0"/>
				<caller organisation="com.typesafe.akka" name="akka-actor" conf="compile, runtime" rev="2.9.2" rev-constraint-default="2.9.2" rev-constraint-dynamic="2.9.2" callerrev="2.0.2"/>
				<caller organisation="net.databinder.giter8" name="giter8_2.9.1" conf="compile, runtime" rev="2.9.2" rev-constraint-default="2.9.2" rev-constraint-dynamic="2.9.1" callerrev="0.5.0"/>
				<caller organisation="org.clapper" name="grizzled-scala_2.9.1" conf="compile, runtime" rev="2.9.2" rev-constraint-default="2.9.2" rev-constraint-dynamic="2.9.1" callerrev="1.0.8"/>
				<caller organisation="com.github.scala-incubator.io" name="scala-io-core_2.9.1" conf="compile, runtime" rev="2.9.2" rev-constraint-default="2.9.2" rev-constraint-dynamic="2.9.1" callerrev="0.4.0-seq"/>
				<caller organisation="com.github.scala-incubator.io" name="scala-io-file_2.9.2" conf="compile, runtime" rev="2.9.2" rev-constraint-default="2.9.2" rev-constraint-dynamic="2.9.2" callerrev="0.4.0"/>
				<caller organisation="org.clapper" name="classutil_2.9.1" conf="compile, runtime" rev="2.9.2" rev-constraint-default="2.9.2" rev-constraint-dynamic="2.9.1" callerrev="0.4.2"/>
				<caller organisation="play" name="utils_2.9.2" conf="default, compile, runtime, master" rev="2.9.2" rev-constraint-default="2.9.2" rev-constraint-dynamic="2.9.2" callerrev="2.1-09142012"/>
				<caller organisation="net.databinder" name="dispatch-core_2.9.1" conf="compile, runtime" rev="2.9.2" rev-constraint-default="2.9.2" rev-constraint-dynamic="2.9.1" callerrev="0.8.6"/>
				<caller organisation="org.scala-tools" name="scala-stm_2.9.2" conf="compile, runtime" rev="2.9.2" rev-constraint-default="2.9.2" rev-constraint-dynamic="2.9.2" callerrev="0.5"/>
				<caller organisation="com.typesafe.akka" name="akka-actor" conf="compile, runtime" rev="2.9.2" rev-constraint-default="2.9.2" rev-constraint-dynamic="2.9.1-1" callerrev="2.0"/>
				<caller organisation="com.github.jsuereth.scala-arm" name="scala-arm_2.9.1" conf="compile, runtime" rev="2.9.2" rev-constraint-default="2.9.2" rev-constraint-dynamic="2.9.1" callerrev="1.1"/>
				<artifacts>
				</artifacts>
			</revision>
		</module>
	</dependencies>
</ivy-report>
